<?xml version="1.0" encoding="UTF-8"?>
<coverage generated="1776262905467" clover="3.2.0">
  <project timestamp="1776262905467" name="All files">
    <metrics statements="17" coveredstatements="17" conditionals="11" coveredconditionals="10" methods="11" coveredmethods="11" elements="39" coveredelements="38" complexity="0" loc="17" ncloc="17" packages="4" files="11" classes="11"/>
    <package name="mixins">
      <metrics statements="4" coveredstatements="4" conditionals="0" coveredconditionals="0" methods="2" coveredmethods="2"/>
      <file name="removeDecimals.ts" path="C:\Coding\SAQAYA\saqaya\ecommerce-saqaya\src\mixins\removeDecimals.ts">
        <metrics statements="2" coveredstatements="2" conditionals="0" coveredconditionals="0" methods="1" coveredmethods="1"/>
        <line num="1" count="1" type="stmt"/>
        <line num="2" count="5" type="stmt"/>
      </file>
      <file name="round.ts" path="C:\Coding\SAQAYA\saqaya\ecommerce-saqaya\src\mixins\round.ts">
        <metrics statements="2" coveredstatements="2" conditionals="0" coveredconditionals="0" methods="1" coveredmethods="1"/>
        <line num="1" count="4" type="stmt"/>
        <line num="2" count="14" type="stmt"/>
      </file>
    </package>
    <package name="modules.cart.components">
      <metrics statements="3" coveredstatements="3" conditionals="3" coveredconditionals="2" methods="3" coveredmethods="3"/>
      <file name="CartComponent.vue" path="C:\Coding\SAQAYA\saqaya\ecommerce-saqaya\src\modules\cart\components\CartComponent.vue">
        <metrics statements="1" coveredstatements="1" conditionals="2" coveredconditionals="2" methods="1" coveredmethods="1"/>
        <line num="1" count="32" type="cond" truecount="2" falsecount="0"/>
      </file>
      <file name="CartItem.vue" path="C:\Coding\SAQAYA\saqaya\ecommerce-saqaya\src\modules\cart\components\CartItem.vue">
        <metrics statements="1" coveredstatements="1" conditionals="1" coveredconditionals="0" methods="1" coveredmethods="1"/>
        <line num="1" count="30" type="cond" truecount="0" falsecount="1"/>
      </file>
      <file name="CartPayment.vue" path="C:\Coding\SAQAYA\saqaya\ecommerce-saqaya\src\modules\cart\components\CartPayment.vue">
        <metrics statements="1" coveredstatements="1" conditionals="0" coveredconditionals="0" methods="1" coveredmethods="1"/>
        <line num="1" count="18" type="stmt"/>
      </file>
    </package>
    <package name="modules.products.components">
      <metrics statements="2" coveredstatements="2" conditionals="0" coveredconditionals="0" methods="1" coveredmethods="1"/>
      <file name="SortDropdown.vue" path="C:\Coding\SAQAYA\saqaya\ecommerce-saqaya\src\modules\products\components\SortDropdown.vue">
        <metrics statements="2" coveredstatements="2" conditionals="0" coveredconditionals="0" methods="1" coveredmethods="1"/>
        <line num="1" count="15" type="stmt"/>
        <line num="24" count="1" type="stmt"/>
      </file>
    </package>
    <package name="modules.shared.components">
      <metrics statements="8" coveredstatements="8" conditionals="8" coveredconditionals="8" methods="5" coveredmethods="5"/>
      <file name="BaseButton.vue" path="C:\Coding\SAQAYA\saqaya\ecommerce-saqaya\src\modules\shared\components\BaseButton.vue">
        <metrics statements="2" coveredstatements="2" conditionals="2" coveredconditionals="2" methods="1" coveredmethods="1"/>
        <line num="1" count="19" type="cond" truecount="2" falsecount="0"/>
        <line num="15" count="2" type="stmt"/>
      </file>
      <file name="BaseError.vue" path="C:\Coding\SAQAYA\saqaya\ecommerce-saqaya\src\modules\shared\components\BaseError.vue">
        <metrics statements="1" coveredstatements="1" conditionals="2" coveredconditionals="2" methods="1" coveredmethods="1"/>
        <line num="1" count="19" type="cond" truecount="2" falsecount="0"/>
      </file>
      <file name="BaseLoader.vue" path="C:\Coding\SAQAYA\saqaya\ecommerce-saqaya\src\modules\shared\components\BaseLoader.vue">
        <metrics statements="2" coveredstatements="2" conditionals="0" coveredconditionals="0" methods="1" coveredmethods="1"/>
        <line num="1" count="12" type="stmt"/>
        <line num="10" count="1" type="stmt"/>
      </file>
      <file name="BaseProductCard.vue" path="C:\Coding\SAQAYA\saqaya\ecommerce-saqaya\src\modules\shared\components\BaseProductCard.vue">
        <metrics statements="1" coveredstatements="1" conditionals="2" coveredconditionals="2" methods="1" coveredmethods="1"/>
        <line num="1" count="19" type="cond" truecount="2" falsecount="0"/>
      </file>
      <file name="BaseRatingComponent.vue" path="C:\Coding\SAQAYA\saqaya\ecommerce-saqaya\src\modules\shared\components\BaseRatingComponent.vue">
        <metrics statements="2" coveredstatements="2" conditionals="2" coveredconditionals="2" methods="1" coveredmethods="1"/>
        <line num="1" count="54" type="cond" truecount="2" falsecount="0"/>
        <line num="15" count="2" type="stmt"/>
      </file>
    </package>
  </project>
</coverage>
