{"C:\\Coding\\SAQAYA\\saqaya\\ecommerce-saqaya\\src\\mixins\\removeDecimals.ts": {"path":"C:\\Coding\\SAQAYA\\saqaya\\ecommerce-saqaya\\src\\mixins\\removeDecimals.ts","statementMap":{"0":{"start":{"line":2,"column":2},"end":{"line":2,"column":null}},"1":{"start":{"line":1,"column":0},"end":{"line":1,"column":16}}},"fnMap":{"0":{"name":"removeDecimals","decl":{"start":{"line":1,"column":16},"end":{"line":1,"column":30}},"loc":{"start":{"line":1,"column":44},"end":{"line":3,"column":null}}}},"branchMap":{},"s":{"0":5,"1":1},"f":{"0":5},"b":{}}
,"C:\\Coding\\SAQAYA\\saqaya\\ecommerce-saqaya\\src\\mixins\\round.ts": {"path":"C:\\Coding\\SAQAYA\\saqaya\\ecommerce-saqaya\\src\\mixins\\round.ts","statementMap":{"0":{"start":{"line":2,"column":2},"end":{"line":2,"column":null}},"1":{"start":{"line":1,"column":0},"end":{"line":1,"column":16}}},"fnMap":{"0":{"name":"round","decl":{"start":{"line":1,"column":16},"end":{"line":1,"column":21}},"loc":{"start":{"line":1,"column":35},"end":{"line":3,"column":null}}}},"branchMap":{},"s":{"0":14,"1":4},"f":{"0":14},"b":{}}
,"C:\\Coding\\SAQAYA\\saqaya\\ecommerce-saqaya\\src\\modules\\cart\\components\\CartComponent.vue": {"path":"C:\\Coding\\SAQAYA\\saqaya\\ecommerce-saqaya\\src\\modules\\cart\\components\\CartComponent.vue","statementMap":{"0":{"start":{"line":1,"column":0},"end":{"line":1,"column":null}}},"fnMap":{"0":{"name":"(anonymous_0)","decl":{"start":{"line":1,"column":0},"end":{"line":1,"column":null}},"loc":{"start":{"line":1,"column":0},"end":{"line":1,"column":null}}}},"branchMap":{"0":{"loc":{"start":{"line":1,"column":0},"end":{"line":1,"column":null}},"type":"cond-expr","locations":[{"start":{"line":1,"column":0},"end":{"line":1,"column":null}},{"start":{"line":1,"column":0},"end":{"line":1,"column":null}}]}},"s":{"0":32},"f":{"0":13},"b":{"0":[22,18]}}
,"C:\\Coding\\SAQAYA\\saqaya\\ecommerce-saqaya\\src\\modules\\cart\\components\\CartItem.vue": {"path":"C:\\Coding\\SAQAYA\\saqaya\\ecommerce-saqaya\\src\\modules\\cart\\components\\CartItem.vue","statementMap":{"0":{"start":{"line":1,"column":0},"end":{"line":1,"column":null}}},"fnMap":{"0":{"name":"(anonymous_0)","decl":{"start":{"line":1,"column":0},"end":{"line":1,"column":null}},"loc":{"start":{"line":1,"column":0},"end":{"line":1,"column":null}}}},"branchMap":{"0":{"loc":{"start":{"line":1,"column":0},"end":{"line":1,"column":null}},"type":"if","locations":[{"start":{"line":1,"column":0},"end":{"line":1,"column":null}}]}},"s":{"0":30},"f":{"0":8},"b":{"0":[0]}}
,"C:\\Coding\\SAQAYA\\saqaya\\ecommerce-saqaya\\src\\modules\\cart\\components\\CartPayment.vue": {"path":"C:\\Coding\\SAQAYA\\saqaya\\ecommerce-saqaya\\src\\modules\\cart\\components\\CartPayment.vue","statementMap":{"0":{"start":{"line":1,"column":0},"end":{"line":1,"column":null}}},"fnMap":{"0":{"name":"(anonymous_0)","decl":{"start":{"line":1,"column":0},"end":{"line":1,"column":null}},"loc":{"start":{"line":1,"column":0},"end":{"line":1,"column":null}}}},"branchMap":{},"s":{"0":18},"f":{"0":4},"b":{}}
,"C:\\Coding\\SAQAYA\\saqaya\\ecommerce-saqaya\\src\\modules\\products\\components\\SortDropdown.vue": {"path":"C:\\Coding\\SAQAYA\\saqaya\\ecommerce-saqaya\\src\\modules\\products\\components\\SortDropdown.vue","statementMap":{"0":{"start":{"line":24,"column":0},"end":{"line":34,"column":null}},"1":{"start":{"line":1,"column":0},"end":{"line":1,"column":null}}},"fnMap":{"0":{"name":"(anonymous_1)","decl":{"start":{"line":1,"column":0},"end":{"line":1,"column":null}},"loc":{"start":{"line":1,"column":0},"end":{"line":1,"column":null}}}},"branchMap":{},"s":{"0":1,"1":15},"f":{"0":4},"b":{}}
,"C:\\Coding\\SAQAYA\\saqaya\\ecommerce-saqaya\\src\\modules\\shared\\components\\BaseButton.vue": {"path":"C:\\Coding\\SAQAYA\\saqaya\\ecommerce-saqaya\\src\\modules\\shared\\components\\BaseButton.vue","statementMap":{"0":{"start":{"line":15,"column":0},"end":{"line":40,"column":null}},"1":{"start":{"line":1,"column":0},"end":{"line":1,"column":null}}},"fnMap":{"0":{"name":"(anonymous_0)","decl":{"start":{"line":1,"column":0},"end":{"line":1,"column":null}},"loc":{"start":{"line":1,"column":0},"end":{"line":1,"column":null}}}},"branchMap":{"0":{"loc":{"start":{"line":1,"column":0},"end":{"line":1,"column":null}},"type":"cond-expr","locations":[{"start":{"line":1,"column":0},"end":{"line":1,"column":null}},{"start":{"line":1,"column":0},"end":{"line":1,"column":null}}]}},"s":{"0":2,"1":19},"f":{"0":5},"b":{"0":[3,1]}}
,"C:\\Coding\\SAQAYA\\saqaya\\ecommerce-saqaya\\src\\modules\\shared\\components\\BaseError.vue": {"path":"C:\\Coding\\SAQAYA\\saqaya\\ecommerce-saqaya\\src\\modules\\shared\\components\\BaseError.vue","statementMap":{"0":{"start":{"line":1,"column":0},"end":{"line":1,"column":null}}},"fnMap":{"0":{"name":"(anonymous_0)","decl":{"start":{"line":1,"column":0},"end":{"line":1,"column":null}},"loc":{"start":{"line":1,"column":0},"end":{"line":1,"column":null}}}},"branchMap":{"0":{"loc":{"start":{"line":1,"column":0},"end":{"line":1,"column":null}},"type":"cond-expr","locations":[{"start":{"line":1,"column":0},"end":{"line":1,"column":null}},{"start":{"line":1,"column":0},"end":{"line":1,"column":null}}]}},"s":{"0":19},"f":{"0":6},"b":{"0":[4,1]}}
,"C:\\Coding\\SAQAYA\\saqaya\\ecommerce-saqaya\\src\\modules\\shared\\components\\BaseLoader.vue": {"path":"C:\\Coding\\SAQAYA\\saqaya\\ecommerce-saqaya\\src\\modules\\shared\\components\\BaseLoader.vue","statementMap":{"0":{"start":{"line":10,"column":0},"end":{"line":19,"column":null}},"1":{"start":{"line":1,"column":0},"end":{"line":1,"column":null}}},"fnMap":{"0":{"name":"(anonymous_0)","decl":{"start":{"line":1,"column":0},"end":{"line":1,"column":null}},"loc":{"start":{"line":1,"column":0},"end":{"line":1,"column":null}}}},"branchMap":{},"s":{"0":1,"1":12},"f":{"0":3},"b":{}}
,"C:\\Coding\\SAQAYA\\saqaya\\ecommerce-saqaya\\src\\modules\\shared\\components\\BaseProductCard.vue": {"path":"C:\\Coding\\SAQAYA\\saqaya\\ecommerce-saqaya\\src\\modules\\shared\\components\\BaseProductCard.vue","statementMap":{"0":{"start":{"line":1,"column":0},"end":{"line":1,"column":null}}},"fnMap":{"0":{"name":"(anonymous_0)","decl":{"start":{"line":1,"column":0},"end":{"line":1,"column":null}},"loc":{"start":{"line":1,"column":0},"end":{"line":1,"column":null}}}},"branchMap":{"0":{"loc":{"start":{"line":1,"column":0},"end":{"line":1,"column":null}},"type":"cond-expr","locations":[{"start":{"line":1,"column":0},"end":{"line":1,"column":null}},{"start":{"line":1,"column":0},"end":{"line":1,"column":null}}]}},"s":{"0":19},"f":{"0":6},"b":{"0":[4,6]}}
,"C:\\Coding\\SAQAYA\\saqaya\\ecommerce-saqaya\\src\\modules\\shared\\components\\BaseRatingComponent.vue": {"path":"C:\\Coding\\SAQAYA\\saqaya\\ecommerce-saqaya\\src\\modules\\shared\\components\\BaseRatingComponent.vue","statementMap":{"0":{"start":{"line":15,"column":0},"end":{"line":38,"column":null}},"1":{"start":{"line":1,"column":0},"end":{"line":1,"column":null}}},"fnMap":{"0":{"name":"(anonymous_1)","decl":{"start":{"line":1,"column":0},"end":{"line":1,"column":null}},"loc":{"start":{"line":1,"column":0},"end":{"line":1,"column":null}}}},"branchMap":{"0":{"loc":{"start":{"line":1,"column":0},"end":{"line":1,"column":null}},"type":"cond-expr","locations":[{"start":{"line":1,"column":0},"end":{"line":1,"column":null}},{"start":{"line":1,"column":0},"end":{"line":1,"column":null}}]}},"s":{"0":2,"1":54},"f":{"0":36},"b":{"0":[1,5]}}
}
