{"C:\\Coding\\SAQAYA\\saqaya\\ecommerce-saqaya\\src\\modules\\cart\\components\\CartComponent.vue": {"path":"C:\\Coding\\SAQAYA\\saqaya\\ecommerce-saqaya\\src\\modules\\cart\\components\\CartComponent.vue","statementMap":{"0":{"start":{"line":3,"column":22},"end":{"line":7,"column":1}},"1":{"start":{"line":4,"column":2},"end":{"line":6,"column":4}},"2":{"start":{"line":8,"column":0},"end":{"line":10,"column":3}},"3":{"start":{"line":11,"column":12},"end":{"line":11,"column":26}},"4":{"start":{"line":12,"column":12},"end":{"line":12,"column":26}},"5":{"start":{"line":13,"column":13},"end":{"line":13,"column":37}},"6":{"start":{"line":14,"column":21},"end":{"line":14,"column":63}},"7":{"start":{"line":15,"column":24},"end":{"line":15,"column":69}},"8":{"start":{"line":16,"column":0},"end":{"line":77,"column":3}},"9":{"start":{"line":19,"column":19},"end":{"line":19,"column":28}},"10":{"start":{"line":20,"column":4},"end":{"line":20,"column":15}},"11":{"start":{"line":29,"column":20},"end":{"line":29,"column":46}},"12":{"start":{"line":30,"column":4},"end":{"line":32,"column":7}},"13":{"start":{"line":31,"column":6},"end":{"line":31,"column":55}},"14":{"start":{"line":33,"column":4},"end":{"line":35,"column":7}},"15":{"start":{"line":34,"column":6},"end":{"line":34,"column":58}},"16":{"start":{"line":36,"column":23},"end":{"line":38,"column":6}},"17":{"start":{"line":37,"column":6},"end":{"line":37,"column":36}},"18":{"start":{"line":39,"column":20},"end":{"line":41,"column":6}},"19":{"start":{"line":40,"column":6},"end":{"line":40,"column":33}},"20":{"start":{"line":42,"column":21},"end":{"line":44,"column":6}},"21":{"start":{"line":43,"column":6},"end":{"line":43,"column":34}},"22":{"start":{"line":46,"column":6},"end":{"line":46,"column":29}},"23":{"start":{"line":49,"column":6},"end":{"line":49,"column":28}},"24":{"start":{"line":52,"column":6},"end":{"line":52,"column":28}},"25":{"start":{"line":55,"column":6},"end":{"line":57,"column":7}},"26":{"start":{"line":56,"column":8},"end":{"line":56,"column":20}},"27":{"start":{"line":59,"column":23},"end":{"line":70,"column":5}},"28":{"start":{"line":71,"column":4},"end":{"line":74,"column":7}},"29":{"start":{"line":75,"column":4},"end":{"line":75,"column":24}},"30":{"start":{"line":79,"column":20},"end":{"line":87,"column":1}},"31":{"start":{"line":80,"column":4},"end":{"line":85,"column":5}},"32":{"start":{"line":80,"column":40},"end":{"line":85,"column":5}},"33":{"start":{"line":80,"column":53},"end":{"line":80,"column":54}},"34":{"start":{"line":80,"column":60},"end":{"line":80,"column":71}},"35":{"start":{"line":81,"column":8},"end":{"line":84,"column":9}},"36":{"start":{"line":82,"column":12},"end":{"line":82,"column":65}},"37":{"start":{"line":82,"column":21},"end":{"line":82,"column":65}},"38":{"start":{"line":83,"column":12},"end":{"line":83,"column":28}},"39":{"start":{"line":86,"column":4},"end":{"line":86,"column":61}},"40":{"start":{"line":88,"column":0},"end":{"line":88,"column":62}},"41":{"start":{"line":89,"column":0},"end":{"line":89,"column":24}},"42":{"start":{"line":90,"column":12},"end":{"line":90,"column":26}},"43":{"start":{"line":91,"column":17},"end":{"line":94,"column":1}},"44":{"start":{"line":95,"column":17},"end":{"line":98,"column":1}},"45":{"start":{"line":99,"column":17},"end":{"line":99,"column":48}},"46":{"start":{"line":100,"column":17},"end":{"line":100,"column":53}},"47":{"start":{"line":101,"column":17},"end":{"line":105,"column":1}},"48":{"start":{"line":106,"column":17},"end":{"line":109,"column":1}},"49":{"start":{"line":110,"column":17},"end":{"line":114,"column":1}},"50":{"start":{"line":116,"column":33},"end":{"line":116,"column":75}},"51":{"start":{"line":117,"column":4},"end":{"line":202,"column":8}},"52":{"start":{"line":166,"column":24},"end":{"line":172,"column":88}},"53":{"start":{"line":182,"column":66},"end":{"line":184,"column":35}},"54":{"start":{"line":193,"column":70},"end":{"line":195,"column":39}},"55":{"start":{"line":204,"column":1},"end":{"line":204,"column":48}}},"fnMap":{"0":{"name":"(anonymous_0)","decl":{"start":{"line":3,"column":54},"end":{"line":3,"column":55}},"loc":{"start":{"line":3,"column":69},"end":{"line":7,"column":1}},"line":3},"1":{"name":"(anonymous_1)","decl":{"start":{"line":18,"column":9},"end":{"line":18,"column":10}},"loc":{"start":{"line":18,"column":32},"end":{"line":76,"column":3}},"line":18},"2":{"name":"(anonymous_2)","decl":{"start":{"line":30,"column":25},"end":{"line":30,"column":26}},"loc":{"start":{"line":30,"column":37},"end":{"line":32,"column":5}},"line":30},"3":{"name":"(anonymous_3)","decl":{"start":{"line":33,"column":31},"end":{"line":33,"column":32}},"loc":{"start":{"line":33,"column":43},"end":{"line":35,"column":5}},"line":33},"4":{"name":"(anonymous_4)","decl":{"start":{"line":36,"column":43},"end":{"line":36,"column":44}},"loc":{"start":{"line":36,"column":55},"end":{"line":38,"column":5}},"line":36},"5":{"name":"(anonymous_5)","decl":{"start":{"line":39,"column":40},"end":{"line":39,"column":41}},"loc":{"start":{"line":39,"column":52},"end":{"line":41,"column":5}},"line":39},"6":{"name":"(anonymous_6)","decl":{"start":{"line":42,"column":41},"end":{"line":42,"column":42}},"loc":{"start":{"line":42,"column":53},"end":{"line":44,"column":5}},"line":42},"7":{"name":"toggleCart","decl":{"start":{"line":45,"column":13},"end":{"line":45,"column":23}},"loc":{"start":{"line":45,"column":26},"end":{"line":47,"column":5}},"line":45},"8":{"name":"closeCart","decl":{"start":{"line":48,"column":13},"end":{"line":48,"column":22}},"loc":{"start":{"line":48,"column":25},"end":{"line":50,"column":5}},"line":48},"9":{"name":"clearCart","decl":{"start":{"line":51,"column":13},"end":{"line":51,"column":22}},"loc":{"start":{"line":51,"column":25},"end":{"line":53,"column":5}},"line":51},"10":{"name":"handleEscape","decl":{"start":{"line":54,"column":13},"end":{"line":54,"column":25}},"loc":{"start":{"line":54,"column":33},"end":{"line":58,"column":5}},"line":54},"11":{"name":"(anonymous_11)","decl":{"start":{"line":79,"column":52},"end":{"line":79,"column":53}},"loc":{"start":{"line":79,"column":78},"end":{"line":87,"column":1}},"line":79},"12":{"name":"render","decl":{"start":{"line":115,"column":9},"end":{"line":115,"column":15}},"loc":{"start":{"line":115,"column":63},"end":{"line":203,"column":1}},"line":115},"13":{"name":"(anonymous_13)","decl":{"start":{"line":143,"column":72},"end":{"line":143,"column":73}},"loc":{"start":{"line":143,"column":84},"end":{"line":143,"column":87}},"line":143},"14":{"name":"(anonymous_14)","decl":{"start":{"line":165,"column":141},"end":{"line":165,"column":142}},"loc":{"start":{"line":165,"column":161},"end":{"line":173,"column":21}},"line":165},"15":{"name":"(anonymous_15)","decl":{"start":{"line":182,"column":52},"end":{"line":182,"column":53}},"loc":{"start":{"line":182,"column":64},"end":{"line":184,"column":37}},"line":182},"16":{"name":"(anonymous_16)","decl":{"start":{"line":193,"column":56},"end":{"line":193,"column":57}},"loc":{"start":{"line":193,"column":68},"end":{"line":195,"column":41}},"line":193}},"branchMap":{"0":{"loc":{"start":{"line":3,"column":22},"end":{"line":7,"column":1}},"type":"binary-expr","locations":[{"start":{"line":3,"column":22},"end":{"line":3,"column":26}},{"start":{"line":3,"column":30},"end":{"line":3,"column":50}},{"start":{"line":3,"column":54},"end":{"line":7,"column":1}}],"line":3},"1":{"loc":{"start":{"line":4,"column":9},"end":{"line":6,"column":3}},"type":"cond-expr","locations":[{"start":{"line":4,"column":33},"end":{"line":4,"column":36}},{"start":{"line":4,"column":39},"end":{"line":6,"column":3}}],"line":4},"2":{"loc":{"start":{"line":4,"column":9},"end":{"line":4,"column":30}},"type":"binary-expr","locations":[{"start":{"line":4,"column":9},"end":{"line":4,"column":12}},{"start":{"line":4,"column":16},"end":{"line":4,"column":30}}],"line":4},"3":{"loc":{"start":{"line":55,"column":6},"end":{"line":57,"column":7}},"type":"if","locations":[{"start":{"line":55,"column":6},"end":{"line":57,"column":7}},{"start":{},"end":{}}],"line":55},"4":{"loc":{"start":{"line":55,"column":10},"end":{"line":55,"column":61}},"type":"binary-expr","locations":[{"start":{"line":55,"column":10},"end":{"line":55,"column":32}},{"start":{"line":55,"column":36},"end":{"line":55,"column":61}}],"line":55},"5":{"loc":{"start":{"line":79,"column":20},"end":{"line":87,"column":1}},"type":"binary-expr","locations":[{"start":{"line":79,"column":21},"end":{"line":79,"column":25}},{"start":{"line":79,"column":29},"end":{"line":79,"column":47}},{"start":{"line":79,"column":52},"end":{"line":87,"column":1}}],"line":79},"6":{"loc":{"start":{"line":80,"column":4},"end":{"line":85,"column":5}},"type":"if","locations":[{"start":{"line":80,"column":4},"end":{"line":85,"column":5}},{"start":{},"end":{}}],"line":80},"7":{"loc":{"start":{"line":80,"column":8},"end":{"line":80,"column":38}},"type":"binary-expr","locations":[{"start":{"line":80,"column":8},"end":{"line":80,"column":12}},{"start":{"line":80,"column":16},"end":{"line":80,"column":38}}],"line":80},"8":{"loc":{"start":{"line":81,"column":8},"end":{"line":84,"column":9}},"type":"if","locations":[{"start":{"line":81,"column":8},"end":{"line":84,"column":9}},{"start":{},"end":{}}],"line":81},"9":{"loc":{"start":{"line":81,"column":12},"end":{"line":81,"column":30}},"type":"binary-expr","locations":[{"start":{"line":81,"column":12},"end":{"line":81,"column":14}},{"start":{"line":81,"column":18},"end":{"line":81,"column":30}}],"line":81},"10":{"loc":{"start":{"line":82,"column":12},"end":{"line":82,"column":65}},"type":"if","locations":[{"start":{"line":82,"column":12},"end":{"line":82,"column":65}},{"start":{},"end":{}}],"line":82},"11":{"loc":{"start":{"line":86,"column":21},"end":{"line":86,"column":59}},"type":"binary-expr","locations":[{"start":{"line":86,"column":21},"end":{"line":86,"column":23}},{"start":{"line":86,"column":27},"end":{"line":86,"column":59}}],"line":86},"12":{"loc":{"start":{"line":123,"column":12},"end":{"line":123,"column":1270}},"type":"binary-expr","locations":[{"start":{"line":123,"column":12},"end":{"line":123,"column":21}},{"start":{"line":123,"column":26},"end":{"line":123,"column":1269}}],"line":123},"13":{"loc":{"start":{"line":124,"column":12},"end":{"line":128,"column":61}},"type":"cond-expr","locations":[{"start":{"line":125,"column":19},"end":{"line":127,"column":18}},{"start":{"line":128,"column":18},"end":{"line":128,"column":61}}],"line":124},"14":{"loc":{"start":{"line":130,"column":8},"end":{"line":137,"column":57}},"type":"cond-expr","locations":[{"start":{"line":131,"column":15},"end":{"line":136,"column":14}},{"start":{"line":137,"column":14},"end":{"line":137,"column":57}}],"line":130},"15":{"loc":{"start":{"line":143,"column":21},"end":{"line":143,"column":99}},"type":"binary-expr","locations":[{"start":{"line":143,"column":21},"end":{"line":143,"column":30}},{"start":{"line":143,"column":35},"end":{"line":143,"column":98}}],"line":143},"16":{"loc":{"start":{"line":146,"column":16},"end":{"line":149,"column":55}},"type":"binary-expr","locations":[{"start":{"line":146,"column":16},"end":{"line":146,"column":25}},{"start":{"line":146,"column":30},"end":{"line":149,"column":54}}],"line":146},"17":{"loc":{"start":{"line":154,"column":38},"end":{"line":156,"column":18}},"type":"binary-expr","locations":[{"start":{"line":154,"column":38},"end":{"line":154,"column":47}},{"start":{"line":154,"column":52},"end":{"line":156,"column":17}}],"line":154},"18":{"loc":{"start":{"line":159,"column":16},"end":{"line":163,"column":65}},"type":"cond-expr","locations":[{"start":{"line":160,"column":23},"end":{"line":162,"column":31}},{"start":{"line":163,"column":22},"end":{"line":163,"column":65}}],"line":159},"19":{"loc":{"start":{"line":160,"column":115},"end":{"line":162,"column":22}},"type":"binary-expr","locations":[{"start":{"line":160,"column":115},"end":{"line":160,"column":124}},{"start":{"line":160,"column":129},"end":{"line":162,"column":21}}],"line":160},"20":{"loc":{"start":{"line":175,"column":16},"end":{"line":177,"column":65}},"type":"cond-expr","locations":[{"start":{"line":176,"column":23},"end":{"line":176,"column":104}},{"start":{"line":177,"column":22},"end":{"line":177,"column":65}}],"line":175},"21":{"loc":{"start":{"line":179,"column":12},"end":{"line":200,"column":61}},"type":"cond-expr","locations":[{"start":{"line":180,"column":19},"end":{"line":199,"column":18}},{"start":{"line":200,"column":18},"end":{"line":200,"column":61}}],"line":179},"22":{"loc":{"start":{"line":182,"column":92},"end":{"line":184,"column":26}},"type":"binary-expr","locations":[{"start":{"line":182,"column":92},"end":{"line":182,"column":101}},{"start":{"line":182,"column":106},"end":{"line":184,"column":25}}],"line":182},"23":{"loc":{"start":{"line":193,"column":96},"end":{"line":195,"column":30}},"type":"binary-expr","locations":[{"start":{"line":193,"column":96},"end":{"line":193,"column":105}},{"start":{"line":193,"column":110},"end":{"line":195,"column":29}}],"line":193}},"s":{"0":1,"1":2,"2":1,"3":1,"4":1,"5":1,"6":1,"7":1,"8":1,"9":8,"10":8,"11":8,"12":8,"13":8,"14":8,"15":0,"16":8,"17":9,"18":8,"19":9,"20":8,"21":10,"22":1,"23":1,"24":2,"25":0,"26":0,"27":8,"28":8,"29":8,"30":1,"31":21,"32":21,"33":21,"34":21,"35":21,"36":0,"37":0,"38":0,"39":21,"40":1,"41":1,"42":1,"43":1,"44":1,"45":1,"46":1,"47":1,"48":1,"49":1,"50":11,"51":11,"52":3,"53":1,"54":1,"55":1},"f":{"0":2,"1":8,"2":8,"3":0,"4":9,"5":9,"6":10,"7":1,"8":1,"9":2,"10":0,"11":21,"12":11,"13":2,"14":3,"15":1,"16":1},"b":{"0":[1,1,1],"1":[2,0],"2":[2,2],"3":[0,0],"4":[0,0],"5":[1,1,1],"6":[21,0],"7":[21,0],"8":[0,21],"9":[21,21],"10":[0,0],"11":[21,21],"12":[11,8],"13":[3,8],"14":[2,9],"15":[11,8],"16":[11,8],"17":[11,8],"18":[8,3],"19":[8,6],"20":[3,8],"21":[3,8],"22":[1,1],"23":[1,1]},"inputSourceMap":{"0":"{","1":"\"","2":"v","3":"e","4":"r","5":"s","6":"i","7":"o","8":"n","9":"\"","10":":","11":"3","12":",","13":"\"","14":"s","15":"o","16":"u","17":"r","18":"c","19":"e","20":"s","21":"\"","22":":","23":"[","24":"\"","25":"C","26":":","27":"/","28":"C","29":"o","30":"d","31":"i","32":"n","33":"g","34":"/","35":"S","36":"A","37":"Q","38":"A","39":"Y","40":"A","41":"/","42":"s","43":"a","44":"q","45":"a","46":"y","47":"a","48":"/","49":"e","50":"c","51":"o","52":"m","53":"m","54":"e","55":"r","56":"c","57":"e","58":"-","59":"s","60":"a","61":"q","62":"a","63":"y","64":"a","65":"/","66":"s","67":"r","68":"c","69":"/","70":"m","71":"o","72":"d","73":"u","74":"l","75":"e","76":"s","77":"/","78":"c","79":"a","80":"r","81":"t","82":"/","83":"c","84":"o","85":"m","86":"p","87":"o","88":"n","89":"e","90":"n","91":"t","92":"s","93":"/","94":"C","95":"a","96":"r","97":"t","98":"C","99":"o","100":"m","101":"p","102":"o","103":"n","104":"e","105":"n","106":"t","107":".","108":"v","109":"u","110":"e","111":"\"","112":"]","113":",","114":"\"","115":"n","116":"a","117":"m","118":"e","119":"s","120":"\"","121":":","122":"[","123":"]","124":",","125":"\"","126":"m","127":"a","128":"p","129":"p","130":"i","131":"n","132":"g","133":"s","134":"\"","135":":","136":"\"","137":";","138":";","139":";","140":";","141":";","142":";","143":";","144":";","145":";","146":";","147":";","148":"A","149":"A","150":"+","151":"I","152":"A","153":";","154":"A","155":"A","156":"C","157":"A","158":";","159":"A","160":"A","161":"C","162":"A","163":";","164":"A","165":"A","166":"C","167":"A","168":";","169":";","170":";","171":";","172":";","173":";","174":"I","175":"A","176":"X","177":"A","178":";","179":";","180":";","181":";","182":";","183":";","184":";","185":";","186":"I","187":"A","188":"a","189":"A","190":",","191":"I","192":"A","193":"A","194":"M","195":",","196":"S","197":"A","198":"A","199":"S","200":",","201":"G","202":"A","203":"A","204":"G","205":",","206":"u","207":"B","208":"A","209":"A","210":"Y","211":",","212":"G","213":"A","214":"A","215":"E","216":";","217":"I","218":"A","219":"E","220":"h","221":"C","222":",","223":"m","224":"B","225":"A","226":"A","227":"S","228":",","229":"E","230":"A","231":"A","232":"C","233":";","234":"M","235":"A","236":"C","237":"R","238":",","239":"M","240":"A","241":"A","242":"M","243":",","244":"C","245":"A","246":"A","247":"C","248":",","249":"g","250":"B","251":"A","252":"A","253":"g","254":"B","255":",","256":"C","257":"A","258":"A","259":"C","260":",","261":"S","262":"A","263":"A","264":"S","265":",","266":"E","267":"A","268":"A","269":"E","270":",","271":"Y","272":"A","273":"A","274":"Y","275":",","276":"C","277":"A","278":"A","279":"C","280":";","281":"I","282":"A","283":"C","284":"l","285":"D","286":",","287":"C","288":"A","289":"A","290":"C","291":",","292":"C","293":"A","294":"A","295":"C","296":";","297":"I","298":"A","299":"E","300":"F","301":",","302":"y","303":"B","304":"A","305":"A","306":"e","307":",","308":"E","309":"A","310":"A","311":"C","312":";","313":"M","314":"A","315":"C","316":"d","317":",","318":"M","319":"A","320":"A","321":"M","322":",","323":"C","324":"A","325":"A","326":"C","327":",","328":"m","329":"B","330":"A","331":"A","332":"m","333":"B","334":",","335":"C","336":"A","337":"A","338":"C","339":",","340":"S","341":"A","342":"A","343":"S","344":",","345":"E","346":"A","347":"A","348":"E","349":",","350":"Y","351":"A","352":"A","353":"Y","354":",","355":"C","356":"A","357":"A","358":"C","359":";","360":"I","361":"A","362":"C","363":"r","364":"D","365":",","366":"C","367":"A","368":"A","369":"C","370":",","371":"C","372":"A","373":"A","374":"C","375":";","376":"I","377":"A","378":"E","379":"F","380":",","381":"I","382":"A","383":"A","384":"M","385":",","386":"Y","387":"A","388":"A","389":"Y","390":",","391":"G","392":"A","393":"A","394":"G","395":",","396":"k","397":"B","398":"A","399":"A","400":"Q","401":",","402":"E","403":"A","404":"A","405":"C","406":";","407":"M","408":"A","409":"C","410":"5","411":"B","412":",","413":"O","414":"A","415":"A","416":"O","417":",","418":"S","419":"A","420":"A","421":"S","422":",","423":"C","424":"A","425":"A","426":"C","427":",","428":"Y","429":"A","430":"A","431":"Y","432":";","433":"I","434":"A","435":"C","436":"/","437":"B","438":",","439":"C","440":"A","441":"A","442":"C","443":",","444":"C","445":"A","446":"A","447":"C","448":";","449":"I","450":"A","451":"E","452":"F","453":",","454":"I","455":"A","456":"A","457":"M","458":",","459":"S","460":"A","461":"A","462":"S","463":",","464":"G","465":"A","466":"A","467":"G","468":",","469":"k","470":"B","471":"A","472":"A","473":"Q","474":",","475":"E","476":"A","477":"A","478":"C","479":";","480":"M","481":"A","482":"C","483":"z","484":"B","485":",","486":"O","487":"A","488":"A","489":"O","490":",","491":"S","492":"A","493":"A","494":"S","495":",","496":"C","497":"A","498":"A","499":"C","500":",","501":"S","502":"A","503":"A","504":"S","505":";","506":"I","507":"A","508":"C","509":"5","510":"B","511":",","512":"C","513":"A","514":"A","515":"C","516":",","517":"C","518":"A","519":"A","520":"C","521":";","522":"I","523":"A","524":"E","525":"F","526":",","527":"I","528":"A","529":"A","530":"M","531":",","532":"U","533":"A","534":"A","535":"U","536":",","537":"G","538":"A","539":"A","540":"G","541":",","542":"k","543":"B","544":"A","545":"A","546":"Q","547":",","548":"E","549":"A","550":"A","551":"C","552":";","553":"M","554":"A","555":"C","556":"1","557":"B","558":",","559":"O","560":"A","561":"A","562":"O","563":",","564":"S","565":"A","566":"A","567":"S","568":",","569":"C","570":"A","571":"A","572":"C","573":",","574":"U","575":"A","576":"A","577":"U","578":";","579":"I","580":"A","581":"C","582":"7","583":"B","584":",","585":"C","586":"A","587":"A","588":"C","589":",","590":"C","591":"A","592":"A","593":"C","594":";","595":"I","596":"A","597":"E","598":"F","599":",","600":"S","601":"A","602":"A","603":"S","604":",","605":"U","606":"A","607":"A","608":"U","609":";","610":"M","611":"A","612":"C","613":"j","614":"B","615":",","616":"S","617":"A","618":"A","619":"S","620":",","621":"C","622":"A","623":"A","624":"C","625":",","626":"U","627":"A","628":"A","629":"U","630":",","631":"E","632":"A","633":"A","634":"E","635":";","636":"I","637":"A","638":"C","639":"x","640":"B","641":";","642":"I","643":"A","644":"C","645":"A","646":",","647":"S","648":"A","649":"A","650":"S","651":",","652":"S","653":"A","654":"A","655":"S","656":";","657":"M","658":"A","659":"C","660":"h","661":"B","662":",","663":"S","664":"A","665":"A","666":"S","667":",","668":"C","669":"A","670":"A","671":"C","672":",","673":"S","674":"A","675":"A","676":"S","677":",","678":"E","679":"A","680":"A","681":"E","682":";","683":"I","684":"A","685":"C","686":"v","687":"B","688":";","689":"I","690":"A","691":"C","692":"A","693":",","694":"S","695":"A","696":"A","697":"S","698":",","699":"S","700":"A","701":"A","702":"S","703":";","704":"M","705":"A","706":"C","707":"h","708":"B","709":",","710":"S","711":"A","712":"A","713":"S","714":",","715":"C","716":"A","717":"A","718":"C","719":",","720":"S","721":"A","722":"A","723":"S","724":",","725":"E","726":"A","727":"A","728":"E","729":";","730":"I","731":"A","732":"C","733":"v","734":"B","735":";","736":"I","737":"A","738":"C","739":"A","740":",","741":"S","742":"A","743":"A","744":"S","745":",","746":"Y","747":"A","748":"A","749":"Y","750":",","751":"C","752":"A","753":"A","754":"C","755":",","756":"K","757":"A","758":"A","759":"o","760":"B","761":";","762":"M","763":"A","764":"C","765":"x","766":"C","767":",","768":"I","769":"A","770":"A","771":"I","772":",","773":"K","774":"A","775":"A","776":"K","777":",","778":"C","779":"A","780":"A","781":"C","782":",","783":"G","784":"A","785":"A","786":"G","787":",","788":"K","789":"A","790":"A","791":"K","792":",","793":"Q","794":"A","795":"A","796":"Q","797":",","798":"I","799":"A","800":"A","801":"I","802":",","803":"U","804":"A","805":"A","806":"U","807":",","808":"C","809":"A","810":"A","811":"C","812":",","813":"K","814":"A","815":"A","816":"K","817":",","818":"K","819":"A","820":"A","821":"K","822":",","823":"I","824":"A","825":"A","826":"I","827":",","828":"E","829":"A","830":"A","831":"E","832":";","833":"Q","834":"A","835":"C","836":"v","837":"D","838":",","839":"S","840":"A","841":"A","842":"S","843":",","844":"E","845":"A","846":"A","847":"E","848":";","849":"M","850":"A","851":"C","852":"b","853":";","854":"I","855":"A","856":"C","857":"F","858":"\"","859":",","860":"\"","861":"f","862":"i","863":"l","864":"e","865":"\"","866":":","867":"\"","868":"C","869":":","870":"\\","871":"\\","872":"C","873":"o","874":"d","875":"i","876":"n","877":"g","878":"\\","879":"\\","880":"S","881":"A","882":"Q","883":"A","884":"Y","885":"A","886":"\\","887":"\\","888":"s","889":"a","890":"q","891":"a","892":"y","893":"a","894":"\\","895":"\\","896":"e","897":"c","898":"o","899":"m","900":"m","901":"e","902":"r","903":"c","904":"e","905":"-","906":"s","907":"a","908":"q","909":"a","910":"y","911":"a","912":"\\","913":"\\","914":"s","915":"r","916":"c","917":"\\","918":"\\","919":"m","920":"o","921":"d","922":"u","923":"l","924":"e","925":"s","926":"\\","927":"\\","928":"c","929":"a","930":"r","931":"t","932":"\\","933":"\\","934":"c","935":"o","936":"m","937":"p","938":"o","939":"n","940":"e","941":"n","942":"t","943":"s","944":"\\","945":"\\","946":"C","947":"a","948":"r","949":"t","950":"C","951":"o","952":"m","953":"p","954":"o","955":"n","956":"e","957":"n","958":"t","959":".","960":"v","961":"u","962":"e","963":"\"","964":",","965":"\"","966":"s","967":"o","968":"u","969":"r","970":"c","971":"e","972":"s","973":"C","974":"o","975":"n","976":"t","977":"e","978":"n","979":"t","980":"\"","981":":","982":"[","983":"\"","984":"<","985":"t","986":"e","987":"m","988":"p","989":"l","990":"a","991":"t","992":"e","993":">","994":"\\","995":"n","996":" ","997":" ","998":"<","999":"d","1000":"i","1001":"v","1002":" ","1003":"c","1004":"l","1005":"a","1006":"s","1007":"s","1008":"=","1009":"\\","1010":"\"","1011":"h","1012":"e","1013":"a","1014":"d","1015":"e","1016":"r","1017":"_","1018":"_","1019":"c","1020":"a","1021":"r","1022":"t","1023":"\\","1024":"\"","1025":" ","1026":"d","1027":"a","1028":"t","1029":"a","1030":"-","1031":"t","1032":"e","1033":"s","1034":"t","1035":"=","1036":"\\","1037":"\"","1038":"c","1039":"a","1040":"r","1041":"t","1042":"-","1043":"c","1044":"o","1045":"m","1046":"p","1047":"o","1048":"n","1049":"e","1050":"n","1051":"t","1052":"\\","1053":"\"","1054":">","1055":"\\","1056":"n","1057":" ","1058":" ","1059":" ","1060":" ","1061":"<","1062":"d","1063":"i","1064":"v","1065":" ","1066":"c","1067":"l","1068":"a","1069":"s","1070":"s","1071":"=","1072":"\\","1073":"\"","1074":"h","1075":"e","1076":"a","1077":"d","1078":"e","1079":"r","1080":"_","1081":"_","1082":"c","1083":"a","1084":"r","1085":"t","1086":"-","1087":"i","1088":"c","1089":"o","1090":"n","1091":"\\","1092":"\"","1093":" ","1094":"d","1095":"a","1096":"t","1097":"a","1098":"-","1099":"t","1100":"e","1101":"s","1102":"t","1103":"=","1104":"\\","1105":"\"","1106":"c","1107":"a","1108":"r","1109":"t","1110":"-","1111":"i","1112":"c","1113":"o","1114":"n","1115":"\\","1116":"\"","1117":" ","1118":"@","1119":"c","1120":"l","1121":"i","1122":"c","1123":"k","1124":"=","1125":"\\","1126":"\"","1127":"t","1128":"o","1129":"g","1130":"g","1131":"l","1132":"e","1133":"C","1134":"a","1135":"r","1136":"t","1137":"\\","1138":"\"","1139":">","1140":"\\","1141":"n","1142":" ","1143":" ","1144":" ","1145":" ","1146":" ","1147":" ","1148":"<","1149":"s","1150":"v","1151":"g","1152":"\\","1153":"n","1154":" ","1155":" ","1156":" ","1157":" ","1158":" ","1159":" ","1160":" ","1161":" ","1162":"w","1163":"i","1164":"d","1165":"t","1166":"h","1167":"=","1168":"\\","1169":"\"","1170":"2","1171":"4","1172":"\\","1173":"\"","1174":"\\","1175":"n","1176":" ","1177":" ","1178":" ","1179":" ","1180":" ","1181":" ","1182":" ","1183":" ","1184":"h","1185":"e","1186":"i","1187":"g","1188":"h","1189":"t","1190":"=","1191":"\\","1192":"\"","1193":"2","1194":"4","1195":"\\","1196":"\"","1197":"\\","1198":"n","1199":" ","1200":" ","1201":" ","1202":" ","1203":" ","1204":" ","1205":" ","1206":" ","1207":"v","1208":"i","1209":"e","1210":"w","1211":"B","1212":"o","1213":"x","1214":"=","1215":"\\","1216":"\"","1217":"0","1218":" ","1219":"0","1220":" ","1221":"2","1222":"4","1223":" ","1224":"2","1225":"4","1226":"\\","1227":"\"","1228":"\\","1229":"n","1230":" ","1231":" ","1232":" ","1233":" ","1234":" ","1235":" ","1236":" ","1237":" ","1238":"f","1239":"i","1240":"l","1241":"l","1242":"=","1243":"\\","1244":"\"","1245":"n","1246":"o","1247":"n","1248":"e","1249":"\\","1250":"\"","1251":"\\","1252":"n","1253":" ","1254":" ","1255":" ","1256":" ","1257":" ","1258":" ","1259":" ","1260":" ","1261":"x","1262":"m","1263":"l","1264":"n","1265":"s","1266":"=","1267":"\\","1268":"\"","1269":"h","1270":"t","1271":"t","1272":"p","1273":":","1274":"/","1275":"/","1276":"w","1277":"w","1278":"w","1279":".","1280":"w","1281":"3","1282":".","1283":"o","1284":"r","1285":"g","1286":"/","1287":"2","1288":"0","1289":"0","1290":"0","1291":"/","1292":"s","1293":"v","1294":"g","1295":"\\","1296":"\"","1297":"\\","1298":"n","1299":" ","1300":" ","1301":" ","1302":" ","1303":" ","1304":" ","1305":">","1306":"\\","1307":"n","1308":" ","1309":" ","1310":" ","1311":" ","1312":" ","1313":" ","1314":" ","1315":" ","1316":"<","1317":"p","1318":"a","1319":"t","1320":"h","1321":"\\","1322":"n","1323":" ","1324":" ","1325":" ","1326":" ","1327":" ","1328":" ","1329":" ","1330":" ","1331":" ","1332":" ","1333":"d","1334":"=","1335":"\\","1336":"\"","1337":"M","1338":"8","1339":".","1340":"2","1341":"5","1342":" ","1343":"2","1344":"0","1345":".","1346":"2","1347":"5","1348":"C","1349":"8","1350":".","1351":"6","1352":"6","1353":"4","1354":"2","1355":"1","1356":" ","1357":"2","1358":"0","1359":".","1360":"2","1361":"5","1362":" ","1363":"9","1364":" ","1365":"1","1366":"9","1367":".","1368":"9","1369":"1","1370":"4","1371":"2","1372":" ","1373":"9","1374":" ","1375":"1","1376":"9","1377":".","1378":"5","1379":"C","1380":"9","1381":" ","1382":"1","1383":"9","1384":".","1385":"0","1386":"8","1387":"5","1388":"8","1389":" ","1390":"8","1391":".","1392":"6","1393":"6","1394":"4","1395":"2","1396":"1","1397":" ","1398":"1","1399":"8","1400":".","1401":"7","1402":"5","1403":" ","1404":"8","1405":".","1406":"2","1407":"5","1408":" ","1409":"1","1410":"8","1411":".","1412":"7","1413":"5","1414":"C","1415":"7","1416":".","1417":"8","1418":"3","1419":"5","1420":"7","1421":"9","1422":" ","1423":"1","1424":"8","1425":".","1426":"7","1427":"5","1428":" ","1429":"7","1430":".","1431":"5","1432":" ","1433":"1","1434":"9","1435":".","1436":"0","1437":"8","1438":"5","1439":"8","1440":" ","1441":"7","1442":".","1443":"5","1444":" ","1445":"1","1446":"9","1447":".","1448":"5","1449":"C","1450":"7","1451":".","1452":"5","1453":" ","1454":"1","1455":"9","1456":".","1457":"9","1458":"1","1459":"4","1460":"2","1461":" ","1462":"7","1463":".","1464":"8","1465":"3","1466":"5","1467":"7","1468":"9","1469":" ","1470":"2","1471":"0","1472":".","1473":"2","1474":"5","1475":" ","1476":"8","1477":".","1478":"2","1479":"5","1480":" ","1481":"2","1482":"0","1483":".","1484":"2","1485":"5","1486":"Z","1487":"\\","1488":"\"","1489":"\\","1490":"n","1491":" ","1492":" ","1493":" ","1494":" ","1495":" ","1496":" ","1497":" ","1498":" ","1499":" ","1500":" ","1501":"s","1502":"t","1503":"r","1504":"o","1505":"k","1506":"e","1507":"=","1508":"\\","1509":"\"","1510":"b","1511":"l","1512":"a","1513":"c","1514":"k","1515":"\\","1516":"\"","1517":"\\","1518":"n","1519":" ","1520":" ","1521":" ","1522":" ","1523":" ","1524":" ","1525":" ","1526":" ","1527":" ","1528":" ","1529":"s","1530":"t","1531":"r","1532":"o","1533":"k","1534":"e","1535":"-","1536":"w","1537":"i","1538":"d","1539":"t","1540":"h","1541":"=","1542":"\\","1543":"\"","1544":"1","1545":".","1546":"5","1547":"\\","1548":"\"","1549":"\\","1550":"n","1551":" ","1552":" ","1553":" ","1554":" ","1555":" ","1556":" ","1557":" ","1558":" ","1559":" ","1560":" ","1561":"s","1562":"t","1563":"r","1564":"o","1565":"k","1566":"e","1567":"-","1568":"l","1569":"i","1570":"n","1571":"e","1572":"c","1573":"a","1574":"p","1575":"=","1576":"\\","1577":"\"","1578":"r","1579":"o","1580":"u","1581":"n","1582":"d","1583":"\\","1584":"\"","1585":"\\","1586":"n","1587":" ","1588":" ","1589":" ","1590":" ","1591":" ","1592":" ","1593":" ","1594":" ","1595":" ","1596":" ","1597":"s","1598":"t","1599":"r","1600":"o","1601":"k","1602":"e","1603":"-","1604":"l","1605":"i","1606":"n","1607":"e","1608":"j","1609":"o","1610":"i","1611":"n","1612":"=","1613":"\\","1614":"\"","1615":"r","1616":"o","1617":"u","1618":"n","1619":"d","1620":"\\","1621":"\"","1622":"\\","1623":"n","1624":" ","1625":" ","1626":" ","1627":" ","1628":" ","1629":" ","1630":" ","1631":" ","1632":"/","1633":">","1634":"\\","1635":"n","1636":" ","1637":" ","1638":" ","1639":" ","1640":" ","1641":" ","1642":" ","1643":" ","1644":"<","1645":"p","1646":"a","1647":"t","1648":"h","1649":"\\","1650":"n","1651":" ","1652":" ","1653":" ","1654":" ","1655":" ","1656":" ","1657":" ","1658":" ","1659":" ","1660":" ","1661":"d","1662":"=","1663":"\\","1664":"\"","1665":"M","1666":"1","1667":"8","1668":".","1669":"7","1670":"5","1671":" ","1672":"2","1673":"0","1674":".","1675":"2","1676":"5","1677":"C","1678":"1","1679":"9","1680":".","1681":"1","1682":"6","1683":"4","1684":"2","1685":" ","1686":"2","1687":"0","1688":".","1689":"2","1690":"5","1691":" ","1692":"1","1693":"9","1694":".","1695":"5","1696":" ","1697":"1","1698":"9","1699":".","1700":"9","1701":"1","1702":"4","1703":"2","1704":" ","1705":"1","1706":"9","1707":".","1708":"5","1709":" ","1710":"1","1711":"9","1712":".","1713":"5","1714":"C","1715":"1","1716":"9","1717":".","1718":"5","1719":" ","1720":"1","1721":"9","1722":".","1723":"0","1724":"8","1725":"5","1726":"8","1727":" ","1728":"1","1729":"9","1730":".","1731":"1","1732":"6","1733":"4","1734":"2","1735":" ","1736":"1","1737":"8","1738":".","1739":"7","1740":"5","1741":" ","1742":"1","1743":"8","1744":".","1745":"7","1746":"5","1747":" ","1748":"1","1749":"8","1750":".","1751":"7","1752":"5","1753":"C","1754":"1","1755":"8","1756":".","1757":"3","1758":"3","1759":"5","1760":"8","1761":" ","1762":"1","1763":"8","1764":".","1765":"7","1766":"5","1767":" ","1768":"1","1769":"8","1770":" ","1771":"1","1772":"9","1773":".","1774":"0","1775":"8","1776":"5","1777":"8","1778":" ","1779":"1","1780":"8","1781":" ","1782":"1","1783":"9","1784":".","1785":"5","1786":"C","1787":"1","1788":"8","1789":" ","1790":"1","1791":"9","1792":".","1793":"9","1794":"1","1795":"4","1796":"2","1797":" ","1798":"1","1799":"8","1800":".","1801":"3","1802":"3","1803":"5","1804":"8","1805":" ","1806":"2","1807":"0","1808":".","1809":"2","1810":"5","1811":" ","1812":"1","1813":"8","1814":".","1815":"7","1816":"5","1817":" ","1818":"2","1819":"0","1820":".","1821":"2","1822":"5","1823":"Z","1824":"\\","1825":"\"","1826":"\\","1827":"n","1828":" ","1829":" ","1830":" ","1831":" ","1832":" ","1833":" ","1834":" ","1835":" ","1836":" ","1837":" ","1838":"s","1839":"t","1840":"r","1841":"o","1842":"k","1843":"e","1844":"=","1845":"\\","1846":"\"","1847":"b","1848":"l","1849":"a","1850":"c","1851":"k","1852":"\\","1853":"\"","1854":"\\","1855":"n","1856":" ","1857":" ","1858":" ","1859":" ","1860":" ","1861":" ","1862":" ","1863":" ","1864":" ","1865":" ","1866":"s","1867":"t","1868":"r","1869":"o","1870":"k","1871":"e","1872":"-","1873":"w","1874":"i","1875":"d","1876":"t","1877":"h","1878":"=","1879":"\\","1880":"\"","1881":"1","1882":".","1883":"5","1884":"\\","1885":"\"","1886":"\\","1887":"n","1888":" ","1889":" ","1890":" ","1891":" ","1892":" ","1893":" ","1894":" ","1895":" ","1896":" ","1897":" ","1898":"s","1899":"t","1900":"r","1901":"o","1902":"k","1903":"e","1904":"-","1905":"l","1906":"i","1907":"n","1908":"e","1909":"c","1910":"a","1911":"p","1912":"=","1913":"\\","1914":"\"","1915":"r","1916":"o","1917":"u","1918":"n","1919":"d","1920":"\\","1921":"\"","1922":"\\","1923":"n","1924":" ","1925":" ","1926":" ","1927":" ","1928":" ","1929":" ","1930":" ","1931":" ","1932":" ","1933":" ","1934":"s","1935":"t","1936":"r","1937":"o","1938":"k","1939":"e","1940":"-","1941":"l","1942":"i","1943":"n","1944":"e","1945":"j","1946":"o","1947":"i","1948":"n","1949":"=","1950":"\\","1951":"\"","1952":"r","1953":"o","1954":"u","1955":"n","1956":"d","1957":"\\","1958":"\"","1959":"\\","1960":"n","1961":" ","1962":" ","1963":" ","1964":" ","1965":" ","1966":" ","1967":" ","1968":" ","1969":"/","1970":">","1971":"\\","1972":"n","1973":" ","1974":" ","1975":" ","1976":" ","1977":" ","1978":" ","1979":" ","1980":" ","1981":"<","1982":"p","1983":"a","1984":"t","1985":"h","1986":"\\","1987":"n","1988":" ","1989":" ","1990":" ","1991":" ","1992":" ","1993":" ","1994":" ","1995":" ","1996":" ","1997":" ","1998":"d","1999":"=","2000":"\\","2001":"\"","2002":"M","2003":"2","2004":".","2005":"2","2006":"5","2007":" ","2008":"3","2009":".","2010":"7","2011":"5","2012":"H","2013":"5","2014":".","2015":"2","2016":"5","2017":"L","2018":"7","2019":".","2020":"5","2021":" ","2022":"1","2023":"6","2024":".","2025":"5","2026":"H","2027":"1","2028":"9","2029":".","2030":"5","2031":"\\","2032":"\"","2033":"\\","2034":"n","2035":" ","2036":" ","2037":" ","2038":" ","2039":" ","2040":" ","2041":" ","2042":" ","2043":" ","2044":" ","2045":"s","2046":"t","2047":"r","2048":"o","2049":"k","2050":"e","2051":"=","2052":"\\","2053":"\"","2054":"b","2055":"l","2056":"a","2057":"c","2058":"k","2059":"\\","2060":"\"","2061":"\\","2062":"n","2063":" ","2064":" ","2065":" ","2066":" ","2067":" ","2068":" ","2069":" ","2070":" ","2071":" ","2072":" ","2073":"s","2074":"t","2075":"r","2076":"o","2077":"k","2078":"e","2079":"-","2080":"w","2081":"i","2082":"d","2083":"t","2084":"h","2085":"=","2086":"\\","2087":"\"","2088":"1","2089":".","2090":"5","2091":"\\","2092":"\"","2093":"\\","2094":"n","2095":" ","2096":" ","2097":" ","2098":" ","2099":" ","2100":" ","2101":" ","2102":" ","2103":" ","2104":" ","2105":"s","2106":"t","2107":"r","2108":"o","2109":"k","2110":"e","2111":"-","2112":"l","2113":"i","2114":"n","2115":"e","2116":"c","2117":"a","2118":"p","2119":"=","2120":"\\","2121":"\"","2122":"r","2123":"o","2124":"u","2125":"n","2126":"d","2127":"\\","2128":"\"","2129":"\\","2130":"n","2131":" ","2132":" ","2133":" ","2134":" ","2135":" ","2136":" ","2137":" ","2138":" ","2139":" ","2140":" ","2141":"s","2142":"t","2143":"r","2144":"o","2145":"k","2146":"e","2147":"-","2148":"l","2149":"i","2150":"n","2151":"e","2152":"j","2153":"o","2154":"i","2155":"n","2156":"=","2157":"\\","2158":"\"","2159":"r","2160":"o","2161":"u","2162":"n","2163":"d","2164":"\\","2165":"\"","2166":"\\","2167":"n","2168":" ","2169":" ","2170":" ","2171":" ","2172":" ","2173":" ","2174":" ","2175":" ","2176":"/","2177":">","2178":"\\","2179":"n","2180":" ","2181":" ","2182":" ","2183":" ","2184":" ","2185":" ","2186":" ","2187":" ","2188":"<","2189":"p","2190":"a","2191":"t","2192":"h","2193":"\\","2194":"n","2195":" ","2196":" ","2197":" ","2198":" ","2199":" ","2200":" ","2201":" ","2202":" ","2203":" ","2204":" ","2205":"d","2206":"=","2207":"\\","2208":"\"","2209":"M","2210":"7","2211":".","2212":"5","2213":" ","2214":"1","2215":"2","2216":".","2217":"5","2218":"H","2219":"1","2220":"9","2221":".","2222":"1","2223":"9","2224":"2","2225":"5","2226":"C","2227":"1","2228":"9","2229":".","2230":"2","2231":"7","2232":"9","2233":"2","2234":" ","2235":"1","2236":"2","2237":".","2238":"5","2239":"0","2240":"0","2241":"1","2242":" ","2243":"1","2244":"9","2245":".","2246":"3","2247":"6","2248":"3","2249":"3","2250":" ","2251":"1","2252":"2","2253":".","2254":"4","2255":"7","2256":"0","2257":"1","2258":" ","2259":"1","2260":"9","2261":".","2262":"4","2263":"3","2264":"0","2265":"4","2266":" ","2267":"1","2268":"2","2269":".","2270":"4","2271":"1","2272":"5","2273":"1","2274":"C","2275":"1","2276":"9","2277":".","2278":"4","2279":"9","2280":"7","2281":"5","2282":" ","2283":"1","2284":"2","2285":".","2286":"3","2287":"6","2288":"0","2289":"1","2290":" ","2291":"1","2292":"9","2293":".","2294":"5","2295":"4","2296":"3","2297":"4","2298":" ","2299":"1","2300":"2","2301":".","2302":"2","2303":"8","2304":"3","2305":"6","2306":" ","2307":"1","2308":"9","2309":".","2310":"5","2311":"6","2312":"0","2313":"5","2314":" ","2315":"1","2316":"2","2317":".","2318":"1","2319":"9","2320":"8","2321":"6","2322":"L","2323":"2","2324":"0","2325":".","2326":"9","2327":"1","2328":"0","2329":"5","2330":" ","2331":"5","2332":".","2333":"4","2334":"4","2335":"8","2336":"5","2337":"9","2338":"C","2339":"2","2340":"0","2341":".","2342":"9","2343":"2","2344":"1","2345":"4","2346":" ","2347":"5","2348":".","2349":"3","2350":"9","2351":"4","2352":"1","2353":"7","2354":" ","2355":"2","2356":"0","2357":".","2358":"9","2359":"2","2360":" ","2361":"5","2362":".","2363":"3","2364":"3","2365":"8","2366":" ","2367":"2","2368":"0","2369":".","2370":"9","2371":"0","2372":"6","2373":"6","2374":" ","2375":"5","2376":".","2377":"2","2378":"8","2379":"4","2380":"1","2381":"4","2382":"C","2383":"2","2384":"0","2385":".","2386":"8","2387":"9","2388":"3","2389":"1","2390":" ","2391":"5","2392":".","2393":"2","2394":"3","2395":"0","2396":"2","2397":"9","2398":" ","2399":"2","2400":"0","2401":".","2402":"8","2403":"6","2404":"7","2405":"9","2406":" ","2407":"5","2408":".","2409":"1","2410":"8","2411":"0","2412":"0","2413":"9","2414":" ","2415":"2","2416":"0","2417":".","2418":"8","2419":"3","2420":"2","2421":"7","2422":" ","2423":"5","2424":".","2425":"1","2426":"3","2427":"7","2428":"1","2429":"7","2430":"C","2431":"2","2432":"0","2433":".","2434":"7","2435":"9","2436":"7","2437":"5","2438":" ","2439":"5","2440":".","2441":"0","2442":"9","2443":"4","2444":"2","2445":"6","2446":" ","2447":"2","2448":"0","2449":".","2450":"7","2451":"5","2452":"3","2453":"2","2454":" ","2455":"5","2456":".","2457":"0","2458":"5","2459":"9","2460":"6","2461":"9","2462":" ","2463":"2","2464":"0","2465":".","2466":"7","2467":"0","2468":"3","2469":" ","2470":"5","2471":".","2472":"0","2473":"3","2474":"5","2475":"9","2476":"7","2477":"C","2478":"2","2479":"0","2480":".","2481":"6","2482":"5","2483":"2","2484":"8","2485":" ","2486":"5","2487":".","2488":"0","2489":"1","2490":"2","2491":"2","2492":"5","2493":" ","2494":"2","2495":"0","2496":".","2497":"5","2498":"9","2499":"8","2500":" ","2501":"4","2502":".","2503":"9","2504":"9","2505":"9","2506":"9","2507":"6","2508":" ","2509":"2","2510":"0","2511":".","2512":"5","2513":"4","2514":"2","2515":"5","2516":" ","2517":"5","2518":"H","2519":"6","2520":"\\","2521":"\"","2522":"\\","2523":"n","2524":" ","2525":" ","2526":" ","2527":" ","2528":" ","2529":" ","2530":" ","2531":" ","2532":" ","2533":" ","2534":"s","2535":"t","2536":"r","2537":"o","2538":"k","2539":"e","2540":"=","2541":"\\","2542":"\"","2543":"b","2544":"l","2545":"a","2546":"c","2547":"k","2548":"\\","2549":"\"","2550":"\\","2551":"n","2552":" ","2553":" ","2554":" ","2555":" ","2556":" ","2557":" ","2558":" ","2559":" ","2560":" ","2561":" ","2562":"s","2563":"t","2564":"r","2565":"o","2566":"k","2567":"e","2568":"-","2569":"w","2570":"i","2571":"d","2572":"t","2573":"h","2574":"=","2575":"\\","2576":"\"","2577":"1","2578":".","2579":"5","2580":"\\","2581":"\"","2582":"\\","2583":"n","2584":" ","2585":" ","2586":" ","2587":" ","2588":" ","2589":" ","2590":" ","2591":" ","2592":" ","2593":" ","2594":"s","2595":"t","2596":"r","2597":"o","2598":"k","2599":"e","2600":"-","2601":"l","2602":"i","2603":"n","2604":"e","2605":"c","2606":"a","2607":"p","2608":"=","2609":"\\","2610":"\"","2611":"r","2612":"o","2613":"u","2614":"n","2615":"d","2616":"\\","2617":"\"","2618":"\\","2619":"n","2620":" ","2621":" ","2622":" ","2623":" ","2624":" ","2625":" ","2626":" ","2627":" ","2628":" ","2629":" ","2630":"s","2631":"t","2632":"r","2633":"o","2634":"k","2635":"e","2636":"-","2637":"l","2638":"i","2639":"n","2640":"e","2641":"j","2642":"o","2643":"i","2644":"n","2645":"=","2646":"\\","2647":"\"","2648":"r","2649":"o","2650":"u","2651":"n","2652":"d","2653":"\\","2654":"\"","2655":"\\","2656":"n","2657":" ","2658":" ","2659":" ","2660":" ","2661":" ","2662":" ","2663":" ","2664":" ","2665":"/","2666":">","2667":"\\","2668":"n","2669":" ","2670":" ","2671":" ","2672":" ","2673":" ","2674":" ","2675":"<","2676":"/","2677":"s","2678":"v","2679":"g","2680":">","2681":"\\","2682":"n","2683":" ","2684":" ","2685":" ","2686":" ","2687":" ","2688":" ","2689":"<","2690":"d","2691":"i","2692":"v","2693":" ","2694":"v","2695":"-","2696":"i","2697":"f","2698":"=","2699":"\\","2700":"\"","2701":"c","2702":"a","2703":"r","2704":"t","2705":"Q","2706":"u","2707":"a","2708":"n","2709":"t","2710":"i","2711":"t","2712":"y","2713":"\\","2714":"\"","2715":" ","2716":"c","2717":"l","2718":"a","2719":"s","2720":"s","2721":"=","2722":"\\","2723":"\"","2724":"h","2725":"e","2726":"a","2727":"d","2728":"e","2729":"r","2730":"_","2731":"_","2732":"c","2733":"a","2734":"r","2735":"t","2736":"-","2737":"b","2738":"a","2739":"d","2740":"g","2741":"e","2742":"\\","2743":"\"","2744":">","2745":"\\","2746":"n","2747":" ","2748":" ","2749":" ","2750":" ","2751":" ","2752":" ","2753":" ","2754":" ","2755":"<","2756":"p","2757":" ","2758":"c","2759":"l","2760":"a","2761":"s","2762":"s","2763":"=","2764":"\\","2765":"\"","2766":"h","2767":"e","2768":"a","2769":"d","2770":"e","2771":"r","2772":"_","2773":"_","2774":"c","2775":"a","2776":"r","2777":"t","2778":"-","2779":"c","2780":"o","2781":"u","2782":"n","2783":"t","2784":"\\","2785":"\"","2786":">","2787":"{","2788":"{","2789":" ","2790":"c","2791":"a","2792":"r","2793":"t","2794":"Q","2795":"u","2796":"a","2797":"n","2798":"t","2799":"i","2800":"t","2801":"y","2802":" ","2803":"}","2804":"}","2805":"<","2806":"/","2807":"p","2808":">","2809":"\\","2810":"n","2811":" ","2812":" ","2813":" ","2814":" ","2815":" ","2816":" ","2817":"<","2818":"/","2819":"d","2820":"i","2821":"v","2822":">","2823":"\\","2824":"n","2825":" ","2826":" ","2827":" ","2828":" ","2829":"<","2830":"/","2831":"d","2832":"i","2833":"v","2834":">","2835":"\\","2836":"n","2837":"\\","2838":"n","2839":" ","2840":" ","2841":" ","2842":" ","2843":"<","2844":"d","2845":"i","2846":"v","2847":"\\","2848":"n","2849":" ","2850":" ","2851":" ","2852":" ","2853":" ","2854":" ","2855":"v","2856":"-","2857":"i","2858":"f","2859":"=","2860":"\\","2861":"\"","2862":"i","2863":"s","2864":"C","2865":"a","2866":"r","2867":"t","2868":"O","2869":"p","2870":"e","2871":"n","2872":"\\","2873":"\"","2874":"\\","2875":"n","2876":" ","2877":" ","2878":" ","2879":" ","2880":" ","2881":" ","2882":"d","2883":"a","2884":"t","2885":"a","2886":"-","2887":"t","2888":"e","2889":"s","2890":"t","2891":"=","2892":"\\","2893":"\"","2894":"c","2895":"a","2896":"r","2897":"t","2898":"-","2899":"o","2900":"v","2901":"e","2902":"r","2903":"l","2904":"a","2905":"y","2906":"\\","2907":"\"","2908":"\\","2909":"n","2910":" ","2911":" ","2912":" ","2913":" ","2914":" ","2915":" ","2916":"c","2917":"l","2918":"a","2919":"s","2920":"s","2921":"=","2922":"\\","2923":"\"","2924":"h","2925":"e","2926":"a","2927":"d","2928":"e","2929":"r","2930":"_","2931":"_","2932":"c","2933":"a","2934":"r","2935":"t","2936":"-","2937":"o","2938":"v","2939":"e","2940":"r","2941":"l","2942":"a","2943":"y","2944":"\\","2945":"\"","2946":"\\","2947":"n","2948":" ","2949":" ","2950":" ","2951":" ","2952":" ","2953":" ","2954":"@","2955":"c","2956":"l","2957":"i","2958":"c","2959":"k","2960":"=","2961":"\\","2962":"\"","2963":"c","2964":"l","2965":"o","2966":"s","2967":"e","2968":"C","2969":"a","2970":"r","2971":"t","2972":"\\","2973":"\"","2974":"\\","2975":"n","2976":" ","2977":" ","2978":" ","2979":" ","2980":">","2981":"<","2982":"/","2983":"d","2984":"i","2985":"v","2986":">","2987":"\\","2988":"n","2989":"\\","2990":"n","2991":" ","2992":" ","2993":" ","2994":" ","2995":"<","2996":"d","2997":"i","2998":"v","2999":"\\","3000":"n","3001":" ","3002":" ","3003":" ","3004":" ","3005":" ","3006":" ","3007":":","3008":"c","3009":"l","3010":"a","3011":"s","3012":"s","3013":"=","3014":"\\","3015":"\"","3016":"[","3017":"\\","3018":"n","3019":" ","3020":" ","3021":" ","3022":" ","3023":" ","3024":" ","3025":" ","3026":" ","3027":"'","3028":"h","3029":"e","3030":"a","3031":"d","3032":"e","3033":"r","3034":"_","3035":"_","3036":"c","3037":"a","3038":"r","3039":"t","3040":"-","3041":"-","3042":"o","3043":"p","3044":"e","3045":"n","3046":"'","3047":",","3048":"\\","3049":"n","3050":" ","3051":" ","3052":" ","3053":" ","3054":" ","3055":" ","3056":" ","3057":" ","3058":"{","3059":" ","3060":"'","3061":"h","3062":"e","3063":"a","3064":"d","3065":"e","3066":"r","3067":"_","3068":"_","3069":"c","3070":"a","3071":"r","3072":"t","3073":"-","3074":"p","3075":"a","3076":"n","3077":"e","3078":"l","3079":"-","3080":"-","3081":"v","3082":"i","3083":"s","3084":"i","3085":"b","3086":"l","3087":"e","3088":"'","3089":":","3090":" ","3091":"i","3092":"s","3093":"C","3094":"a","3095":"r","3096":"t","3097":"O","3098":"p","3099":"e","3100":"n","3101":" ","3102":"}","3103":",","3104":"\\","3105":"n","3106":" ","3107":" ","3108":" ","3109":" ","3110":" ","3111":" ","3112":"]","3113":"\\","3114":"\"","3115":"\\","3116":"n","3117":" ","3118":" ","3119":" ","3120":" ","3121":" ","3122":" ","3123":"@","3124":"c","3125":"l","3126":"i","3127":"c","3128":"k","3129":".","3130":"s","3131":"t","3132":"o","3133":"p","3134":"\\","3135":"n","3136":" ","3137":" ","3138":" ","3139":" ","3140":">","3141":"\\","3142":"n","3143":" ","3144":" ","3145":" ","3146":" ","3147":" ","3148":" ","3149":"<","3150":"d","3151":"i","3152":"v","3153":" ","3154":"c","3155":"l","3156":"a","3157":"s","3158":"s","3159":"=","3160":"\\","3161":"\"","3162":"h","3163":"e","3164":"a","3165":"d","3166":"e","3167":"r","3168":"_","3169":"_","3170":"c","3171":"a","3172":"r","3173":"t","3174":"-","3175":"c","3176":"o","3177":"n","3178":"t","3179":"a","3180":"i","3181":"n","3182":"e","3183":"r","3184":"\\","3185":"\"","3186":">","3187":"\\","3188":"n","3189":" ","3190":" ","3191":" ","3192":" ","3193":" ","3194":" ","3195":" ","3196":" ","3197":"<","3198":"h","3199":"3","3200":" ","3201":"c","3202":"l","3203":"a","3204":"s","3205":"s","3206":"=","3207":"\\","3208":"\"","3209":"h","3210":"e","3211":"a","3212":"d","3213":"e","3214":"r","3215":"_","3216":"_","3217":"c","3218":"a","3219":"r","3220":"t","3221":"-","3222":"r","3223":"e","3224":"v","3225":"i","3226":"e","3227":"w","3228":"\\","3229":"\"","3230":" ","3231":"d","3232":"a","3233":"t","3234":"a","3235":"-","3236":"t","3237":"e","3238":"s","3239":"t","3240":"=","3241":"\\","3242":"\"","3243":"c","3244":"a","3245":"r","3246":"t","3247":"-","3248":"t","3249":"i","3250":"t","3251":"l","3252":"e","3253":"\\","3254":"\"","3255":">","3256":"\\","3257":"n","3258":" ","3259":" ","3260":" ","3261":" ","3262":" ","3263":" ","3264":" ","3265":" ","3266":" ","3267":" ","3268":"S","3269":"h","3270":"o","3271":"p","3272":"p","3273":"i","3274":"n","3275":"g","3276":" ","3277":"C","3278":"a","3279":"r","3280":"t","3281":"\\","3282":"n","3283":" ","3284":" ","3285":" ","3286":" ","3287":" ","3288":" ","3289":" ","3290":" ","3291":"<","3292":"/","3293":"h","3294":"3","3295":">","3296":"\\","3297":"n","3298":" ","3299":" ","3300":" ","3301":" ","3302":" ","3303":" ","3304":" ","3305":" ","3306":"<","3307":"d","3308":"i","3309":"v","3310":"\\","3311":"n","3312":" ","3313":" ","3314":" ","3315":" ","3316":" ","3317":" ","3318":" ","3319":" ","3320":" ","3321":" ","3322":"c","3323":"l","3324":"a","3325":"s","3326":"s","3327":"=","3328":"\\","3329":"\"","3330":"h","3331":"e","3332":"a","3333":"d","3334":"e","3335":"r","3336":"_","3337":"_","3338":"c","3339":"a","3340":"r","3341":"t","3342":"-","3343":"c","3344":"l","3345":"o","3346":"s","3347":"e","3348":"\\","3349":"\"","3350":"\\","3351":"n","3352":" ","3353":" ","3354":" ","3355":" ","3356":" ","3357":" ","3358":" ","3359":" ","3360":" ","3361":" ","3362":"d","3363":"a","3364":"t","3365":"a","3366":"-","3367":"t","3368":"e","3369":"s","3370":"t","3371":"=","3372":"\\","3373":"\"","3374":"c","3375":"a","3376":"r","3377":"t","3378":"-","3379":"c","3380":"l","3381":"o","3382":"s","3383":"e","3384":"\\","3385":"\"","3386":"\\","3387":"n","3388":" ","3389":" ","3390":" ","3391":" ","3392":" ","3393":" ","3394":" ","3395":" ","3396":" ","3397":" ","3398":"@","3399":"c","3400":"l","3401":"i","3402":"c","3403":"k","3404":"=","3405":"\\","3406":"\"","3407":"c","3408":"l","3409":"o","3410":"s","3411":"e","3412":"C","3413":"a","3414":"r","3415":"t","3416":"\\","3417":"\"","3418":"\\","3419":"n","3420":" ","3421":" ","3422":" ","3423":" ","3424":" ","3425":" ","3426":" ","3427":" ","3428":">","3429":"\\","3430":"n","3431":" ","3432":" ","3433":" ","3434":" ","3435":" ","3436":" ","3437":" ","3438":" ","3439":" ","3440":" ","3441":"<","3442":"s","3443":"v","3444":"g","3445":"\\","3446":"n","3447":" ","3448":" ","3449":" ","3450":" ","3451":" ","3452":" ","3453":" ","3454":" ","3455":" ","3456":" ","3457":" ","3458":" ","3459":"w","3460":"i","3461":"d","3462":"t","3463":"h","3464":"=","3465":"\\","3466":"\"","3467":"2","3468":"4","3469":"\\","3470":"\"","3471":"\\","3472":"n","3473":" ","3474":" ","3475":" ","3476":" ","3477":" ","3478":" ","3479":" ","3480":" ","3481":" ","3482":" ","3483":" ","3484":" ","3485":"h","3486":"e","3487":"i","3488":"g","3489":"h","3490":"t","3491":"=","3492":"\\","3493":"\"","3494":"2","3495":"4","3496":"\\","3497":"\"","3498":"\\","3499":"n","3500":" ","3501":" ","3502":" ","3503":" ","3504":" ","3505":" ","3506":" ","3507":" ","3508":" ","3509":" ","3510":" ","3511":" ","3512":"v","3513":"i","3514":"e","3515":"w","3516":"B","3517":"o","3518":"x","3519":"=","3520":"\\","3521":"\"","3522":"0","3523":" ","3524":"0","3525":" ","3526":"2","3527":"4","3528":" ","3529":"2","3530":"4","3531":"\\","3532":"\"","3533":"\\","3534":"n","3535":" ","3536":" ","3537":" ","3538":" ","3539":" ","3540":" ","3541":" ","3542":" ","3543":" ","3544":" ","3545":" ","3546":" ","3547":"f","3548":"i","3549":"l","3550":"l","3551":"=","3552":"\\","3553":"\"","3554":"n","3555":"o","3556":"n","3557":"e","3558":"\\","3559":"\"","3560":"\\","3561":"n","3562":" ","3563":" ","3564":" ","3565":" ","3566":" ","3567":" ","3568":" ","3569":" ","3570":" ","3571":" ","3572":" ","3573":" ","3574":"x","3575":"m","3576":"l","3577":"n","3578":"s","3579":"=","3580":"\\","3581":"\"","3582":"h","3583":"t","3584":"t","3585":"p","3586":":","3587":"/","3588":"/","3589":"w","3590":"w","3591":"w","3592":".","3593":"w","3594":"3","3595":".","3596":"o","3597":"r","3598":"g","3599":"/","3600":"2","3601":"0","3602":"0","3603":"0","3604":"/","3605":"s","3606":"v","3607":"g","3608":"\\","3609":"\"","3610":"\\","3611":"n","3612":" ","3613":" ","3614":" ","3615":" ","3616":" ","3617":" ","3618":" ","3619":" ","3620":" ","3621":" ","3622":">","3623":"\\","3624":"n","3625":" ","3626":" ","3627":" ","3628":" ","3629":" ","3630":" ","3631":" ","3632":" ","3633":" ","3634":" ","3635":" ","3636":" ","3637":"<","3638":"g","3639":" ","3640":"c","3641":"l","3642":"i","3643":"p","3644":"-","3645":"p","3646":"a","3647":"t","3648":"h","3649":"=","3650":"\\","3651":"\"","3652":"u","3653":"r","3654":"l","3655":"(","3656":"#","3657":"c","3658":"l","3659":"i","3660":"p","3661":"0","3662":"_","3663":"8","3664":"1","3665":"2","3666":"_","3667":"3","3668":"1","3669":"5","3670":"2","3671":")","3672":"\\","3673":"\"","3674":">","3675":"\\","3676":"n","3677":" ","3678":" ","3679":" ","3680":" ","3681":" ","3682":" ","3683":" ","3684":" ","3685":" ","3686":" ","3687":" ","3688":" ","3689":" ","3690":" ","3691":"<","3692":"p","3693":"a","3694":"t","3695":"h","3696":"\\","3697":"n","3698":" ","3699":" ","3700":" ","3701":" ","3702":" ","3703":" ","3704":" ","3705":" ","3706":" ","3707":" ","3708":" ","3709":" ","3710":" ","3711":" ","3712":" ","3713":" ","3714":"d","3715":"=","3716":"\\","3717":"\"","3718":"M","3719":"8","3720":" ","3721":"1","3722":"6","3723":"L","3724":"1","3725":"2","3726":" ","3727":"1","3728":"2","3729":"M","3730":"1","3731":"6","3732":" ","3733":"8","3734":"L","3735":"1","3736":"1","3737":".","3738":"9","3739":"9","3740":"9","3741":"2","3742":" ","3743":"1","3744":"2","3745":"M","3746":"1","3747":"1","3748":".","3749":"9","3750":"9","3751":"9","3752":"2","3753":" ","3754":"1","3755":"2","3756":"L","3757":"8","3758":" ","3759":"8","3760":"M","3761":"1","3762":"2","3763":" ","3764":"1","3765":"2","3766":"L","3767":"1","3768":"6","3769":" ","3770":"1","3771":"6","3772":"\\","3773":"\"","3774":"\\","3775":"n","3776":" ","3777":" ","3778":" ","3779":" ","3780":" ","3781":" ","3782":" ","3783":" ","3784":" ","3785":" ","3786":" ","3787":" ","3788":" ","3789":" ","3790":" ","3791":" ","3792":"s","3793":"t","3794":"r","3795":"o","3796":"k","3797":"e","3798":"=","3799":"\\","3800":"\"","3801":"b","3802":"l","3803":"a","3804":"c","3805":"k","3806":"\\","3807":"\"","3808":"\\","3809":"n","3810":" ","3811":" ","3812":" ","3813":" ","3814":" ","3815":" ","3816":" ","3817":" ","3818":" ","3819":" ","3820":" ","3821":" ","3822":" ","3823":" ","3824":" ","3825":" ","3826":"s","3827":"t","3828":"r","3829":"o","3830":"k","3831":"e","3832":"-","3833":"w","3834":"i","3835":"d","3836":"t","3837":"h","3838":"=","3839":"\\","3840":"\"","3841":"1","3842":".","3843":"5","3844":"\\","3845":"\"","3846":"\\","3847":"n","3848":" ","3849":" ","3850":" ","3851":" ","3852":" ","3853":" ","3854":" ","3855":" ","3856":" ","3857":" ","3858":" ","3859":" ","3860":" ","3861":" ","3862":" ","3863":" ","3864":"s","3865":"t","3866":"r","3867":"o","3868":"k","3869":"e","3870":"-","3871":"l","3872":"i","3873":"n","3874":"e","3875":"c","3876":"a","3877":"p","3878":"=","3879":"\\","3880":"\"","3881":"r","3882":"o","3883":"u","3884":"n","3885":"d","3886":"\\","3887":"\"","3888":"\\","3889":"n","3890":" ","3891":" ","3892":" ","3893":" ","3894":" ","3895":" ","3896":" ","3897":" ","3898":" ","3899":" ","3900":" ","3901":" ","3902":" ","3903":" ","3904":" ","3905":" ","3906":"s","3907":"t","3908":"r","3909":"o","3910":"k","3911":"e","3912":"-","3913":"l","3914":"i","3915":"n","3916":"e","3917":"j","3918":"o","3919":"i","3920":"n","3921":"=","3922":"\\","3923":"\"","3924":"r","3925":"o","3926":"u","3927":"n","3928":"d","3929":"\\","3930":"\"","3931":"\\","3932":"n","3933":" ","3934":" ","3935":" ","3936":" ","3937":" ","3938":" ","3939":" ","3940":" ","3941":" ","3942":" ","3943":" ","3944":" ","3945":" ","3946":" ","3947":"/","3948":">","3949":"\\","3950":"n","3951":" ","3952":" ","3953":" ","3954":" ","3955":" ","3956":" ","3957":" ","3958":" ","3959":" ","3960":" ","3961":" ","3962":" ","3963":" ","3964":" ","3965":"<","3966":"c","3967":"i","3968":"r","3969":"c","3970":"l","3971":"e","3972":"\\","3973":"n","3974":" ","3975":" ","3976":" ","3977":" ","3978":" ","3979":" ","3980":" ","3981":" ","3982":" ","3983":" ","3984":" ","3985":" ","3986":" ","3987":" ","3988":" ","3989":" ","3990":"c","3991":"x","3992":"=","3993":"\\","3994":"\"","3995":"1","3996":"2","3997":"\\","3998":"\"","3999":"\\","4000":"n","4001":" ","4002":" ","4003":" ","4004":" ","4005":" ","4006":" ","4007":" ","4008":" ","4009":" ","4010":" ","4011":" ","4012":" ","4013":" ","4014":" ","4015":" ","4016":" ","4017":"c","4018":"y","4019":"=","4020":"\\","4021":"\"","4022":"1","4023":"2","4024":"\\","4025":"\"","4026":"\\","4027":"n","4028":" ","4029":" ","4030":" ","4031":" ","4032":" ","4033":" ","4034":" ","4035":" ","4036":" ","4037":" ","4038":" ","4039":" ","4040":" ","4041":" ","4042":" ","4043":" ","4044":"r","4045":"=","4046":"\\","4047":"\"","4048":"1","4049":"1","4050":".","4051":"2","4052":"5","4053":"\\","4054":"\"","4055":"\\","4056":"n","4057":" ","4058":" ","4059":" ","4060":" ","4061":" ","4062":" ","4063":" ","4064":" ","4065":" ","4066":" ","4067":" ","4068":" ","4069":" ","4070":" ","4071":" ","4072":" ","4073":"s","4074":"t","4075":"r","4076":"o","4077":"k","4078":"e","4079":"=","4080":"\\","4081":"\"","4082":"b","4083":"l","4084":"a","4085":"c","4086":"k","4087":"\\","4088":"\"","4089":"\\","4090":"n","4091":" ","4092":" ","4093":" ","4094":" ","4095":" ","4096":" ","4097":" ","4098":" ","4099":" ","4100":" ","4101":" ","4102":" ","4103":" ","4104":" ","4105":" ","4106":" ","4107":"s","4108":"t","4109":"r","4110":"o","4111":"k","4112":"e","4113":"-","4114":"w","4115":"i","4116":"d","4117":"t","4118":"h","4119":"=","4120":"\\","4121":"\"","4122":"1","4123":".","4124":"5","4125":"\\","4126":"\"","4127":"\\","4128":"n","4129":" ","4130":" ","4131":" ","4132":" ","4133":" ","4134":" ","4135":" ","4136":" ","4137":" ","4138":" ","4139":" ","4140":" ","4141":" ","4142":" ","4143":"/","4144":">","4145":"\\","4146":"n","4147":" ","4148":" ","4149":" ","4150":" ","4151":" ","4152":" ","4153":" ","4154":" ","4155":" ","4156":" ","4157":" ","4158":" ","4159":"<","4160":"/","4161":"g","4162":">","4163":"\\","4164":"n","4165":" ","4166":" ","4167":" ","4168":" ","4169":" ","4170":" ","4171":" ","4172":" ","4173":" ","4174":" ","4175":" ","4176":" ","4177":"<","4178":"d","4179":"e","4180":"f","4181":"s","4182":">","4183":"\\","4184":"n","4185":" ","4186":" ","4187":" ","4188":" ","4189":" ","4190":" ","4191":" ","4192":" ","4193":" ","4194":" ","4195":" ","4196":" ","4197":" ","4198":" ","4199":"<","4200":"c","4201":"l","4202":"i","4203":"p","4204":"P","4205":"a","4206":"t","4207":"h","4208":" ","4209":"i","4210":"d","4211":"=","4212":"\\","4213":"\"","4214":"c","4215":"l","4216":"i","4217":"p","4218":"0","4219":"_","4220":"8","4221":"1","4222":"2","4223":"_","4224":"3","4225":"1","4226":"5","4227":"2","4228":"\\","4229":"\"","4230":">","4231":"\\","4232":"n","4233":" ","4234":" ","4235":" ","4236":" ","4237":" ","4238":" ","4239":" ","4240":" ","4241":" ","4242":" ","4243":" ","4244":" ","4245":" ","4246":" ","4247":" ","4248":" ","4249":"<","4250":"r","4251":"e","4252":"c","4253":"t","4254":" ","4255":"w","4256":"i","4257":"d","4258":"t","4259":"h","4260":"=","4261":"\\","4262":"\"","4263":"2","4264":"4","4265":"\\","4266":"\"","4267":" ","4268":"h","4269":"e","4270":"i","4271":"g","4272":"h","4273":"t","4274":"=","4275":"\\","4276":"\"","4277":"2","4278":"4","4279":"\\","4280":"\"","4281":" ","4282":"f","4283":"i","4284":"l","4285":"l","4286":"=","4287":"\\","4288":"\"","4289":"w","4290":"h","4291":"i","4292":"t","4293":"e","4294":"\\","4295":"\"","4296":" ","4297":"/","4298":">","4299":"\\","4300":"n","4301":" ","4302":" ","4303":" ","4304":" ","4305":" ","4306":" ","4307":" ","4308":" ","4309":" ","4310":" ","4311":" ","4312":" ","4313":" ","4314":" ","4315":"<","4316":"/","4317":"c","4318":"l","4319":"i","4320":"p","4321":"P","4322":"a","4323":"t","4324":"h","4325":">","4326":"\\","4327":"n","4328":" ","4329":" ","4330":" ","4331":" ","4332":" ","4333":" ","4334":" ","4335":" ","4336":" ","4337":" ","4338":" ","4339":" ","4340":"<","4341":"/","4342":"d","4343":"e","4344":"f","4345":"s","4346":">","4347":"\\","4348":"n","4349":" ","4350":" ","4351":" ","4352":" ","4353":" ","4354":" ","4355":" ","4356":" ","4357":" ","4358":" ","4359":"<","4360":"/","4361":"s","4362":"v","4363":"g","4364":">","4365":"\\","4366":"n","4367":" ","4368":" ","4369":" ","4370":" ","4371":" ","4372":" ","4373":" ","4374":" ","4375":"<","4376":"/","4377":"d","4378":"i","4379":"v","4380":">","4381":"\\","4382":"n","4383":" ","4384":" ","4385":" ","4386":" ","4387":" ","4388":" ","4389":"<","4390":"/","4391":"d","4392":"i","4393":"v","4394":">","4395":"\\","4396":"n","4397":" ","4398":" ","4399":" ","4400":" ","4401":" ","4402":" ","4403":"<","4404":"d","4405":"i","4406":"v","4407":" ","4408":"c","4409":"l","4410":"a","4411":"s","4412":"s","4413":"=","4414":"\\","4415":"\"","4416":"h","4417":"e","4418":"a","4419":"d","4420":"e","4421":"r","4422":"_","4423":"_","4424":"c","4425":"a","4426":"r","4427":"t","4428":"-","4429":"i","4430":"t","4431":"e","4432":"m","4433":"s","4434":"-","4435":"g","4436":"r","4437":"i","4438":"d","4439":"\\","4440":"\"","4441":">","4442":"\\","4443":"n","4444":" ","4445":" ","4446":" ","4447":" ","4448":" ","4449":" ","4450":" ","4451":" ","4452":"<","4453":"d","4454":"i","4455":"v","4456":"\\","4457":"n","4458":" ","4459":" ","4460":" ","4461":" ","4462":" ","4463":" ","4464":" ","4465":" ","4466":" ","4467":" ","4468":"v","4469":"-","4470":"i","4471":"f","4472":"=","4473":"\\","4474":"\"","4475":"c","4476":"a","4477":"r","4478":"t","4479":"Q","4480":"u","4481":"a","4482":"n","4483":"t","4484":"i","4485":"t","4486":"y","4487":" ","4488":"=","4489":"=","4490":"=","4491":" ","4492":"0","4493":"\\","4494":"\"","4495":"\\","4496":"n","4497":" ","4498":" ","4499":" ","4500":" ","4501":" ","4502":" ","4503":" ","4504":" ","4505":" ","4506":" ","4507":"d","4508":"a","4509":"t","4510":"a","4511":"-","4512":"t","4513":"e","4514":"s","4515":"t","4516":"=","4517":"\\","4518":"\"","4519":"c","4520":"a","4521":"r","4522":"t","4523":"-","4524":"e","4525":"m","4526":"p","4527":"t","4528":"y","4529":"\\","4530":"\"","4531":"\\","4532":"n","4533":" ","4534":" ","4535":" ","4536":" ","4537":" ","4538":" ","4539":" ","4540":" ","4541":" ","4542":" ","4543":"c","4544":"l","4545":"a","4546":"s","4547":"s","4548":"=","4549":"\\","4550":"\"","4551":"h","4552":"e","4553":"a","4554":"d","4555":"e","4556":"r","4557":"_","4558":"_","4559":"c","4560":"a","4561":"r","4562":"t","4563":"-","4564":"-","4565":"e","4566":"m","4567":"p","4568":"t","4569":"y","4570":"\\","4571":"\"","4572":"\\","4573":"n","4574":" ","4575":" ","4576":" ","4577":" ","4578":" ","4579":" ","4580":" ","4581":" ","4582":">","4583":"\\","4584":"n","4585":" ","4586":" ","4587":" ","4588":" ","4589":" ","4590":" ","4591":" ","4592":" ","4593":" ","4594":" ","4595":"<","4596":"p","4597":">","4598":"Y","4599":"o","4600":"u","4601":" ","4602":"c","4603":"u","4604":"r","4605":"r","4606":"e","4607":"n","4608":"t","4609":"l","4610":"y","4611":" ","4612":"h","4613":"a","4614":"v","4615":"e","4616":" ","4617":"n","4618":"o","4619":" ","4620":"i","4621":"t","4622":"e","4623":"m","4624":"s","4625":" ","4626":"i","4627":"n","4628":" ","4629":"c","4630":"a","4631":"r","4632":"t","4633":"<","4634":"/","4635":"p","4636":">","4637":"\\","4638":"n","4639":" ","4640":" ","4641":" ","4642":" ","4643":" ","4644":" ","4645":" ","4646":" ","4647":"<","4648":"/","4649":"d","4650":"i","4651":"v","4652":">","4653":"\\","4654":"n","4655":" ","4656":" ","4657":" ","4658":" ","4659":" ","4660":" ","4661":" ","4662":" ","4663":"<","4664":"d","4665":"i","4666":"v","4667":" ","4668":"c","4669":"l","4670":"a","4671":"s","4672":"s","4673":"=","4674":"\\","4675":"\"","4676":"h","4677":"e","4678":"a","4679":"d","4680":"e","4681":"r","4682":"_","4683":"_","4684":"c","4685":"a","4686":"r","4687":"t","4688":"-","4689":"i","4690":"t","4691":"e","4692":"m","4693":"s","4694":"\\","4695":"\"","4696":" ","4697":"d","4698":"a","4699":"t","4700":"a","4701":"-","4702":"t","4703":"e","4704":"s","4705":"t","4706":"=","4707":"\\","4708":"\"","4709":"c","4710":"a","4711":"r","4712":"t","4713":"-","4714":"i","4715":"t","4716":"e","4717":"m","4718":"s","4719":"\\","4720":"\"","4721":">","4722":"\\","4723":"n","4724":" ","4725":" ","4726":" ","4727":" ","4728":" ","4729":" ","4730":" ","4731":" ","4732":" ","4733":" ","4734":"<","4735":"c","4736":"a","4737":"r","4738":"t","4739":"-","4740":"i","4741":"t","4742":"e","4743":"m","4744":"\\","4745":"n","4746":" ","4747":" ","4748":" ","4749":" ","4750":" ","4751":" ","4752":" ","4753":" ","4754":" ","4755":" ","4756":" ","4757":" ","4758":"v","4759":"-","4760":"f","4761":"o","4762":"r","4763":"=","4764":"\\","4765":"\"","4766":"c","4767":"a","4768":"r","4769":"t","4770":"I","4771":"t","4772":"e","4773":"m","4774":" ","4775":"i","4776":"n","4777":" ","4778":"c","4779":"a","4780":"r","4781":"t","4782":"I","4783":"t","4784":"e","4785":"m","4786":"s","4787":"\\","4788":"\"","4789":"\\","4790":"n","4791":" ","4792":" ","4793":" ","4794":" ","4795":" ","4796":" ","4797":" ","4798":" ","4799":" ","4800":" ","4801":" ","4802":" ","4803":":","4804":"k","4805":"e","4806":"y","4807":"=","4808":"\\","4809":"\"","4810":"c","4811":"a","4812":"r","4813":"t","4814":"I","4815":"t","4816":"e","4817":"m","4818":".","4819":"p","4820":"r","4821":"o","4822":"d","4823":"u","4824":"c","4825":"t","4826":".","4827":"i","4828":"d","4829":"\\","4830":"\"","4831":"\\","4832":"n","4833":" ","4834":" ","4835":" ","4836":" ","4837":" ","4838":" ","4839":" ","4840":" ","4841":" ","4842":" ","4843":" ","4844":" ","4845":":","4846":"i","4847":"d","4848":"=","4849":"\\","4850":"\"","4851":"c","4852":"a","4853":"r","4854":"t","4855":"I","4856":"t","4857":"e","4858":"m","4859":".","4860":"p","4861":"r","4862":"o","4863":"d","4864":"u","4865":"c","4866":"t","4867":".","4868":"i","4869":"d","4870":"\\","4871":"\"","4872":"\\","4873":"n","4874":" ","4875":" ","4876":" ","4877":" ","4878":" ","4879":" ","4880":" ","4881":" ","4882":" ","4883":" ","4884":" ","4885":" ","4886":":","4887":"t","4888":"i","4889":"t","4890":"l","4891":"e","4892":"=","4893":"\\","4894":"\"","4895":"c","4896":"a","4897":"r","4898":"t","4899":"I","4900":"t","4901":"e","4902":"m","4903":".","4904":"p","4905":"r","4906":"o","4907":"d","4908":"u","4909":"c","4910":"t","4911":".","4912":"t","4913":"i","4914":"t","4915":"l","4916":"e","4917":"\\","4918":"\"","4919":"\\","4920":"n","4921":" ","4922":" ","4923":" ","4924":" ","4925":" ","4926":" ","4927":" ","4928":" ","4929":" ","4930":" ","4931":" ","4932":" ","4933":":","4934":"t","4935":"h","4936":"u","4937":"m","4938":"b","4939":"n","4940":"a","4941":"i","4942":"l","4943":"=","4944":"\\","4945":"\"","4946":"c","4947":"a","4948":"r","4949":"t","4950":"I","4951":"t","4952":"e","4953":"m","4954":".","4955":"p","4956":"r","4957":"o","4958":"d","4959":"u","4960":"c","4961":"t","4962":".","4963":"t","4964":"h","4965":"u","4966":"m","4967":"b","4968":"n","4969":"a","4970":"i","4971":"l","4972":"\\","4973":"\"","4974":"\\","4975":"n","4976":" ","4977":" ","4978":" ","4979":" ","4980":" ","4981":" ","4982":" ","4983":" ","4984":" ","4985":" ","4986":" ","4987":" ","4988":":","4989":"p","4990":"r","4991":"i","4992":"c","4993":"e","4994":"=","4995":"\\","4996":"\"","4997":"c","4998":"a","4999":"r","5000":"t","5001":"I","5002":"t","5003":"e","5004":"m","5005":".","5006":"p","5007":"r","5008":"o","5009":"d","5010":"u","5011":"c","5012":"t","5013":".","5014":"p","5015":"r","5016":"i","5017":"c","5018":"e","5019":"\\","5020":"\"","5021":"\\","5022":"n","5023":" ","5024":" ","5025":" ","5026":" ","5027":" ","5028":" ","5029":" ","5030":" ","5031":" ","5032":" ","5033":">","5034":"<","5035":"/","5036":"c","5037":"a","5038":"r","5039":"t","5040":"-","5041":"i","5042":"t","5043":"e","5044":"m","5045":">","5046":"\\","5047":"n","5048":" ","5049":" ","5050":" ","5051":" ","5052":" ","5053":" ","5054":" ","5055":" ","5056":"<","5057":"/","5058":"d","5059":"i","5060":"v","5061":">","5062":"\\","5063":"n","5064":" ","5065":" ","5066":" ","5067":" ","5068":" ","5069":" ","5070":" ","5071":" ","5072":"<","5073":"c","5074":"a","5075":"r","5076":"t","5077":"-","5078":"p","5079":"a","5080":"y","5081":"m","5082":"e","5083":"n","5084":"t","5085":" ","5086":"v","5087":"-","5088":"i","5089":"f","5090":"=","5091":"\\","5092":"\"","5093":"c","5094":"a","5095":"r","5096":"t","5097":"Q","5098":"u","5099":"a","5100":"n","5101":"t","5102":"i","5103":"t","5104":"y","5105":" ","5106":"!","5107":"=","5108":"=","5109":" ","5110":"0","5111":"\\","5112":"\"","5113":">","5114":"<","5115":"/","5116":"c","5117":"a","5118":"r","5119":"t","5120":"-","5121":"p","5122":"a","5123":"y","5124":"m","5125":"e","5126":"n","5127":"t","5128":">","5129":"\\","5130":"n","5131":" ","5132":" ","5133":" ","5134":" ","5135":" ","5136":" ","5137":"<","5138":"/","5139":"d","5140":"i","5141":"v","5142":">","5143":"\\","5144":"n","5145":" ","5146":" ","5147":" ","5148":" ","5149":" ","5150":" ","5151":"<","5152":"d","5153":"i","5154":"v","5155":"\\","5156":"n","5157":" ","5158":" ","5159":" ","5160":" ","5161":" ","5162":" ","5163":" ","5164":" ","5165":"v","5166":"-","5167":"i","5168":"f","5169":"=","5170":"\\","5171":"\"","5172":"c","5173":"a","5174":"r","5175":"t","5176":"Q","5177":"u","5178":"a","5179":"n","5180":"t","5181":"i","5182":"t","5183":"y","5184":" ","5185":"!","5186":"=","5187":"=","5188":" ","5189":"0","5190":"\\","5191":"\"","5192":"\\","5193":"n","5194":" ","5195":" ","5196":" ","5197":" ","5198":" ","5199":" ","5200":" ","5201":" ","5202":"c","5203":"l","5204":"a","5205":"s","5206":"s","5207":"=","5208":"\\","5209":"\"","5210":"h","5211":"e","5212":"a","5213":"d","5214":"e","5215":"r","5216":"_","5217":"_","5218":"c","5219":"a","5220":"r","5221":"t","5222":"-","5223":"i","5224":"t","5225":"e","5226":"m","5227":"s","5228":"-","5229":"b","5230":"u","5231":"t","5232":"t","5233":"o","5234":"n","5235":"s","5236":"\\","5237":"\"","5238":"\\","5239":"n","5240":" ","5241":" ","5242":" ","5243":" ","5244":" ","5245":" ","5246":" ","5247":" ","5248":"d","5249":"a","5250":"t","5251":"a","5252":"-","5253":"t","5254":"e","5255":"s","5256":"t","5257":"=","5258":"\\","5259":"\"","5260":"c","5261":"a","5262":"r","5263":"t","5264":"-","5265":"a","5266":"c","5267":"t","5268":"i","5269":"o","5270":"n","5271":"s","5272":"\\","5273":"\"","5274":"\\","5275":"n","5276":" ","5277":" ","5278":" ","5279":" ","5280":" ","5281":" ","5282":">","5283":"\\","5284":"n","5285":" ","5286":" ","5287":" ","5288":" ","5289":" ","5290":" ","5291":" ","5292":" ","5293":"<","5294":"b","5295":"a","5296":"s","5297":"e","5298":"-","5299":"b","5300":"u","5301":"t","5302":"t","5303":"o","5304":"n","5305":">","5306":"P","5307":"l","5308":"a","5309":"c","5310":"e","5311":" ","5312":"O","5313":"r","5314":"d","5315":"e","5316":"r","5317":"<","5318":"/","5319":"b","5320":"a","5321":"s","5322":"e","5323":"-","5324":"b","5325":"u","5326":"t","5327":"t","5328":"o","5329":"n","5330":">","5331":"\\","5332":"n","5333":" ","5334":" ","5335":" ","5336":" ","5337":" ","5338":" ","5339":" ","5340":" ","5341":"<","5342":"d","5343":"i","5344":"v","5345":">","5346":"\\","5347":"n","5348":" ","5349":" ","5350":" ","5351":" ","5352":" ","5353":" ","5354":" ","5355":" ","5356":" ","5357":" ","5358":"<","5359":"b","5360":"a","5361":"s","5362":"e","5363":"-","5364":"b","5365":"u","5366":"t","5367":"t","5368":"o","5369":"n","5370":" ","5371":"d","5372":"a","5373":"t","5374":"a","5375":"-","5376":"t","5377":"e","5378":"s","5379":"t","5380":"=","5381":"\\","5382":"\"","5383":"c","5384":"l","5385":"e","5386":"a","5387":"r","5388":"-","5389":"c","5390":"a","5391":"r","5392":"t","5393":"\\","5394":"\"","5395":" ","5396":"t","5397":"y","5398":"p","5399":"e","5400":"=","5401":"\\","5402":"\"","5403":"o","5404":"u","5405":"t","5406":"l","5407":"i","5408":"n","5409":"e","5410":"\\","5411":"\"","5412":" ","5413":"@","5414":"c","5415":"l","5416":"i","5417":"c","5418":"k","5419":"=","5420":"\\","5421":"\"","5422":"c","5423":"l","5424":"e","5425":"a","5426":"r","5427":"C","5428":"a","5429":"r","5430":"t","5431":"\\","5432":"\"","5433":"\\","5434":"n","5435":" ","5436":" ","5437":" ","5438":" ","5439":" ","5440":" ","5441":" ","5442":" ","5443":" ","5444":" ","5445":" ","5446":" ","5447":">","5448":"C","5449":"l","5450":"e","5451":"a","5452":"r","5453":" ","5454":"C","5455":"a","5456":"r","5457":"t","5458":"<","5459":"/","5460":"b","5461":"a","5462":"s","5463":"e","5464":"-","5465":"b","5466":"u","5467":"t","5468":"t","5469":"o","5470":"n","5471":"\\","5472":"n","5473":" ","5474":" ","5475":" ","5476":" ","5477":" ","5478":" ","5479":" ","5480":" ","5481":" ","5482":" ","5483":">","5484":"\\","5485":"n","5486":" ","5487":" ","5488":" ","5489":" ","5490":" ","5491":" ","5492":" ","5493":" ","5494":"<","5495":"/","5496":"d","5497":"i","5498":"v","5499":">","5500":"\\","5501":"n","5502":" ","5503":" ","5504":" ","5505":" ","5506":" ","5507":" ","5508":"<","5509":"/","5510":"d","5511":"i","5512":"v","5513":">","5514":"\\","5515":"n","5516":" ","5517":" ","5518":" ","5519":" ","5520":"<","5521":"/","5522":"d","5523":"i","5524":"v","5525":">","5526":"\\","5527":"n","5528":" ","5529":" ","5530":"<","5531":"/","5532":"d","5533":"i","5534":"v","5535":">","5536":"\\","5537":"n","5538":"<","5539":"/","5540":"t","5541":"e","5542":"m","5543":"p","5544":"l","5545":"a","5546":"t","5547":"e","5548":">","5549":"\\","5550":"n","5551":"\\","5552":"n","5553":"<","5554":"s","5555":"c","5556":"r","5557":"i","5558":"p","5559":"t","5560":" ","5561":"s","5562":"e","5563":"t","5564":"u","5565":"p","5566":" ","5567":"l","5568":"a","5569":"n","5570":"g","5571":"=","5572":"\\","5573":"\"","5574":"t","5575":"s","5576":"\\","5577":"\"","5578":">","5579":"\\","5580":"n","5581":"/","5582":"*","5583":"*","5584":"\\","5585":"n","5586":" ","5587":"*","5588":" ","5589":"C","5590":"a","5591":"r","5592":"t","5593":"C","5594":"o","5595":"m","5596":"p","5597":"o","5598":"n","5599":"e","5600":"n","5601":"t","5602":"\\","5603":"n","5604":" ","5605":"*","5606":"\\","5607":"n","5608":" ","5609":"*","5610":" ","5611":"R","5612":"e","5613":"n","5614":"d","5615":"e","5616":"r","5617":"s","5618":" ","5619":"t","5620":"h","5621":"e","5622":" ","5623":"c","5624":"a","5625":"r","5626":"t","5627":" ","5628":"s","5629":"i","5630":"d","5631":"e","5632":"b","5633":"a","5634":"r","5635":" ","5636":"p","5637":"a","5638":"n","5639":"e","5640":"l","5641":" ","5642":"w","5643":"i","5644":"t","5645":"h","5646":" ","5647":"a","5648":" ","5649":"l","5650":"i","5651":"s","5652":"t","5653":" ","5654":"o","5655":"f","5656":" ","5657":"c","5658":"a","5659":"r","5660":"t","5661":" ","5662":"i","5663":"t","5664":"e","5665":"m","5666":"s","5667":",","5668":"\\","5669":"n","5670":" ","5671":"*","5672":" ","5673":"t","5674":"o","5675":"t","5676":"a","5677":"l","5678":" ","5679":"p","5680":"a","5681":"y","5682":"m","5683":"e","5684":"n","5685":"t","5686":" ","5687":"s","5688":"u","5689":"m","5690":"m","5691":"a","5692":"r","5693":"y","5694":",","5695":" ","5696":"a","5697":"n","5698":"d","5699":" ","5700":"c","5701":"a","5702":"r","5703":"t","5704":" ","5705":"c","5706":"o","5707":"n","5708":"t","5709":"r","5710":"o","5711":"l","5712":"s","5713":" ","5714":"(","5715":"c","5716":"l","5717":"e","5718":"a","5719":"r","5720":",","5721":" ","5722":"c","5723":"l","5724":"o","5725":"s","5726":"e","5727":")","5728":".","5729":"\\","5730":"n","5731":" ","5732":"*","5733":" ","5734":"A","5735":"l","5736":"s","5737":"o","5738":" ","5739":"s","5740":"h","5741":"o","5742":"w","5743":"s","5744":" ","5745":"a","5746":" ","5747":"b","5748":"a","5749":"d","5750":"g","5751":"e","5752":" ","5753":"w","5754":"i","5755":"t","5756":"h","5757":" ","5758":"i","5759":"t","5760":"e","5761":"m","5762":" ","5763":"c","5764":"o","5765":"u","5766":"n","5767":"t","5768":" ","5769":"o","5770":"n","5771":" ","5772":"t","5773":"h","5774":"e","5775":" ","5776":"c","5777":"a","5778":"r","5779":"t","5780":" ","5781":"i","5782":"c","5783":"o","5784":"n","5785":".","5786":"\\","5787":"n","5788":" ","5789":"*","5790":" ","5791":"L","5792":"i","5793":"s","5794":"t","5795":"e","5796":"n","5797":"s","5798":" ","5799":"f","5800":"o","5801":"r","5802":" ","5803":"E","5804":"s","5805":"c","5806":"a","5807":"p","5808":"e","5809":" ","5810":"k","5811":"e","5812":"y","5813":" ","5814":"t","5815":"o","5816":" ","5817":"c","5818":"l","5819":"o","5820":"s","5821":"e","5822":" ","5823":"t","5824":"h","5825":"e","5826":" ","5827":"p","5828":"a","5829":"n","5830":"e","5831":"l","5832":".","5833":"\\","5834":"n","5835":" ","5836":"*","5837":"/","5838":"\\","5839":"n","5840":"i","5841":"m","5842":"p","5843":"o","5844":"r","5845":"t","5846":" ","5847":"{","5848":" ","5849":"c","5850":"o","5851":"m","5852":"p","5853":"u","5854":"t","5855":"e","5856":"d","5857":",","5858":" ","5859":"o","5860":"n","5861":"B","5862":"e","5863":"f","5864":"o","5865":"r","5866":"e","5867":"U","5868":"n","5869":"m","5870":"o","5871":"u","5872":"n","5873":"t","5874":",","5875":" ","5876":"o","5877":"n","5878":"M","5879":"o","5880":"u","5881":"n","5882":"t","5883":"e","5884":"d","5885":" ","5886":"}","5887":" ","5888":"f","5889":"r","5890":"o","5891":"m","5892":" ","5893":"\\","5894":"\"","5895":"v","5896":"u","5897":"e","5898":"\\","5899":"\"","5900":";","5901":"\\","5902":"n","5903":"i","5904":"m","5905":"p","5906":"o","5907":"r","5908":"t","5909":" ","5910":"{","5911":" ","5912":"u","5913":"s","5914":"e","5915":"C","5916":"a","5917":"r","5918":"t","5919":"S","5920":"t","5921":"o","5922":"r","5923":"e","5924":" ","5925":"}","5926":" ","5927":"f","5928":"r","5929":"o","5930":"m","5931":" ","5932":"\\","5933":"\"","5934":".","5935":".","5936":"/","5937":"s","5938":"t","5939":"o","5940":"r","5941":"e","5942":"/","5943":"c","5944":"a","5945":"r","5946":"t","5947":"\\","5948":"\"","5949":";","5950":"\\","5951":"n","5952":"i","5953":"m","5954":"p","5955":"o","5956":"r","5957":"t","5958":" ","5959":"C","5960":"a","5961":"r","5962":"t","5963":"I","5964":"t","5965":"e","5966":"m","5967":" ","5968":"f","5969":"r","5970":"o","5971":"m","5972":" ","5973":"\\","5974":"\"","5975":".","5976":"/","5977":"C","5978":"a","5979":"r","5980":"t","5981":"I","5982":"t","5983":"e","5984":"m","5985":".","5986":"v","5987":"u","5988":"e","5989":"\\","5990":"\"","5991":";","5992":"\\","5993":"n","5994":"i","5995":"m","5996":"p","5997":"o","5998":"r","5999":"t","6000":" ","6001":"C","6002":"a","6003":"r","6004":"t","6005":"P","6006":"a","6007":"y","6008":"m","6009":"e","6010":"n","6011":"t","6012":" ","6013":"f","6014":"r","6015":"o","6016":"m","6017":" ","6018":"\\","6019":"\"","6020":".","6021":"/","6022":"C","6023":"a","6024":"r","6025":"t","6026":"P","6027":"a","6028":"y","6029":"m","6030":"e","6031":"n","6032":"t","6033":".","6034":"v","6035":"u","6036":"e","6037":"\\","6038":"\"","6039":";","6040":"\\","6041":"n","6042":"\\","6043":"n","6044":"c","6045":"o","6046":"n","6047":"s","6048":"t","6049":" ","6050":"c","6051":"a","6052":"r","6053":"t","6054":"S","6055":"t","6056":"o","6057":"r","6058":"e","6059":" ","6060":"=","6061":" ","
[...]
,"C:\\Coding\\SAQAYA\\saqaya\\ecommerce-saqaya\\src\\modules\\shared\\components\\BaseRatingComponent.vue": {"path":"C:\\Coding\\SAQAYA\\saqaya\\ecommerce-saqaya\\src\\modules\\shared\\components\\BaseRatingComponent.vue","statementMap":{"0":{"start":{"line":4,"column":0},"end":{"line":6,"column":3}},"1":{"start":{"line":7,"column":0},"end":{"line":7,"column":25}},"2":{"start":{"line":8,"column":15},"end":{"line":41,"column":1}},"3":{"start":{"line":23,"column":4},"end":{"line":23,"column":15}},"4":{"start":{"line":24,"column":18},"end":{"line":24,"column":25}},"5":{"start":{"line":26,"column":19},"end":{"line":26,"column":49}},"6":{"start":{"line":27,"column":6},"end":{"line":27,"column":32}},"7":{"start":{"line":27,"column":21},"end":{"line":27,"column":32}},"8":{"start":{"line":28,"column":6},"end":{"line":28,"column":38}},"9":{"start":{"line":28,"column":20},"end":{"line":28,"column":38}},"10":{"start":{"line":29,"column":6},"end":{"line":29,"column":15}},"11":{"start":{"line":31,"column":25},"end":{"line":34,"column":5}},"12":{"start":{"line":35,"column":4},"end":{"line":38,"column":7}},"13":{"start":{"line":39,"column":4},"end":{"line":39,"column":24}},"14":{"start":{"line":44,"column":0},"end":{"line":46,"column":3}},"15":{"start":{"line":47,"column":0},"end":{"line":47,"column":24}},"16":{"start":{"line":48,"column":11},"end":{"line":48,"column":25}},"17":{"start":{"line":49,"column":19},"end":{"line":51,"column":1}},"18":{"start":{"line":52,"column":19},"end":{"line":54,"column":1}},"19":{"start":{"line":55,"column":19},"end":{"line":59,"column":1}},"20":{"start":{"line":61,"column":2},"end":{"line":74,"column":252}},"21":{"start":{"line":62,"column":4},"end":{"line":73,"column":29}},"22":{"start":{"line":75,"column":2},"end":{"line":75,"column":49}}},"fnMap":{"0":{"name":"(anonymous_0)","decl":{"start":{"line":20,"column":2},"end":{"line":20,"column":3}},"loc":{"start":{"line":22,"column":5},"end":{"line":40,"column":3}},"line":22},"1":{"name":"getFill","decl":{"start":{"line":25,"column":13},"end":{"line":25,"column":20}},"loc":{"start":{"line":25,"column":32},"end":{"line":30,"column":5}},"line":25},"2":{"name":"render","decl":{"start":{"line":60,"column":9},"end":{"line":60,"column":15}},"loc":{"start":{"line":60,"column":63},"end":{"line":75,"column":1}},"line":60},"3":{"name":"(anonymous_3)","decl":{"start":{"line":61,"column":228},"end":{"line":61,"column":229}},"loc":{"start":{"line":61,"column":233},"end":{"line":74,"column":3}},"line":61}},"branchMap":{"0":{"loc":{"start":{"line":27,"column":6},"end":{"line":27,"column":32}},"type":"if","locations":[{"start":{"line":27,"column":6},"end":{"line":27,"column":32}},{"start":{},"end":{}}],"line":27},"1":{"loc":{"start":{"line":28,"column":6},"end":{"line":28,"column":38}},"type":"if","locations":[{"start":{"line":28,"column":6},"end":{"line":28,"column":38}},{"start":{},"end":{}}],"line":28},"2":{"loc":{"start":{"line":66,"column":8},"end":{"line":68,"column":29}},"type":"binary-expr","locations":[{"start":{"line":66,"column":8},"end":{"line":66,"column":17}},{"start":{"line":66,"column":22},"end":{"line":68,"column":28}}],"line":66},"3":{"loc":{"start":{"line":74,"column":36},"end":{"line":74,"column":249}},"type":"cond-expr","locations":[{"start":{"line":74,"column":58},"end":{"line":74,"column":203}},{"start":{"line":74,"column":207},"end":{"line":74,"column":249}}],"line":74}},"s":{"0":2,"1":2,"2":2,"3":6,"4":6,"5":33,"6":33,"7":22,"8":11,"9":2,"10":9,"11":6,"12":6,"13":6,"14":2,"15":2,"16":2,"17":2,"18":2,"19":2,"20":6,"21":30,"22":2},"f":{"0":6,"1":33,"2":6,"3":30},"b":{"0":[22,11],"1":[2,9],"2":[30,6],"3":[1,5]},"inputSourceMap":{"0":"{","1":"\"","2":"v","3":"e","4":"r","5":"s","6":"i","7":"o","8":"n","9":"\"","10":":","11":"3","12":",","13":"\"","14":"s","15":"o","16":"u","17":"r","18":"c","19":"e","20":"s","21":"\"","22":":","23":"[","24":"\"","25":"C","26":":","27":"/","28":"C","29":"o","30":"d","31":"i","32":"n","33":"g","34":"/","35":"S","36":"A","37":"Q","38":"A","39":"Y","40":"A","41":"/","42":"s","43":"a","44":"q","45":"a","46":"y","47":"a","48":"/","49":"e","50":"c","51":"o","52":"m","53":"m","54":"e","55":"r","56":"c","57":"e","58":"-","59":"s","60":"a","61":"q","62":"a","63":"y","64":"a","65":"/","66":"s","67":"r","68":"c","69":"/","70":"m","71":"o","72":"d","73":"u","74":"l","75":"e","76":"s","77":"/","78":"s","79":"h","80":"a","81":"r","82":"e","83":"d","84":"/","85":"c","86":"o","87":"m","88":"p","89":"o","90":"n","91":"e","92":"n","93":"t","94":"s","95":"/","96":"B","97":"a","98":"s","99":"e","100":"R","101":"a","102":"t","103":"i","104":"n","105":"g","106":"C","107":"o","108":"m","109":"p","110":"o","111":"n","112":"e","113":"n","114":"t","115":".","116":"v","117":"u","118":"e","119":"\"","120":"]","121":",","122":"\"","123":"n","124":"a","125":"m","126":"e","127":"s","128":"\"","129":":","130":"[","131":"]","132":",","133":"\"","134":"m","135":"a","136":"p","137":"p","138":"i","139":"n","140":"g","141":"s","142":"\"","143":":","144":"\"","145":";","146":";","147":";","148":";","149":";","150":";","151":";","152":";","153":";","154":";","155":";","156":";","157":";","158":";","159":";","160":";","161":";","162":";","163":";","164":";","165":";","166":";","167":";","168":"I","169":"A","170":"g","171":"B","172":"A","173":",","174":"M","175":"A","176":"A","177":"M","178":",","179":"K","180":"A","181":"A","182":"K","183":",","184":"G","185":"A","186":"A","187":"G","188":",","189":"O","190":"A","191":"S","192":"O","193":";","194":"I","195":"A","196":"E","197":"r","198":"B","199":",","200":"S","201":"A","202":"A","203":"S","204":",","205":"O","206":"A","207":"A","208":"O","209":",","210":"C","211":"A","212":"A","213":"C","214":",","215":"S","216":"A","217":"A","218":"S","219":",","220":"E","221":"A","222":"A","223":"E","224":";","225":"M","226":"A","227":"C","228":"1","229":"B","230":",","231":"M","232":"A","233":"A","234":"M","235":",","236":"I","237":"A","238":"A","239":"I","240":",","241":"G","242":"A","243":"A","244":"G","245":",","246":"K","247":"A","248":"A","249":"K","250":",","251":"C","252":"A","253":"A","254":"C","255":",","256":"M","257":"A","258":"A","259":"M","260":",","261":"I","262":"A","263":"A","264":"I","265":",","266":"S","267":"A","268":"A","269":"S","270":",","271":"G","272":"A","273":"A","274":"G","275":",","276":"C","277":"A","278":"A","279":"C","280":",","281":"C","282":"A","283":"A","284":"C","285":";","286":"M","287":"A","288":"E","289":"3","290":"C","291":",","292":"I","293":"A","294":"A","295":"I","296":",","297":"I","298":"A","299":"A","300":"I","301":",","302":"I","303":"A","304":"A","305":"I","306":",","307":"C","308":"A","309":"A","310":"C","311":",","312":"E","313":"A","314":"A","315":"E","316":",","317":"O","318":"A","319":"A","320":"O","321":",","322":"G","323":"A","324":"A","325":"G","326":";","327":"M","328":"A","329":"C","330":"z","331":"B","332":",","333":"I","334":"A","335":"A","336":"I","337":",","338":"I","339":"A","340":"A","341":"I","342":",","343":"G","344":"A","345":"A","346":"G","347":",","348":"C","349":"A","350":"A","351":"C","352":",","353":"E","354":"A","355":"A","356":"E","357":",","358":"O","359":"A","360":"A","361":"O","362":",","363":"I","364":"A","365":"A","366":"I","367":",","368":"G","369":"A","370":"A","371":"G","372":",","373":"G","374":"A","375":"A","376":"G","377":";","378":"M","379":"A","380":"C","381":"/","382":"B","383":",","384":"O","385":"A","386":"A","387":"O","388":",","389":"C","390":"A","391":"A","392":"C","393":";","394":"I","395":"A","396":"C","397":"V","398":"\"","399":",","400":"\"","401":"f","402":"i","403":"l","404":"e","405":"\"","406":":","407":"\"","408":"C","409":":","410":"\\","411":"\\","412":"C","413":"o","414":"d","415":"i","416":"n","417":"g","418":"\\","419":"\\","420":"S","421":"A","422":"Q","423":"A","424":"Y","425":"A","426":"\\","427":"\\","428":"s","429":"a","430":"q","431":"a","432":"y","433":"a","434":"\\","435":"\\","436":"e","437":"c","438":"o","439":"m","440":"m","441":"e","442":"r","443":"c","444":"e","445":"-","446":"s","447":"a","448":"q","449":"a","450":"y","451":"a","452":"\\","453":"\\","454":"s","455":"r","456":"c","457":"\\","458":"\\","459":"m","460":"o","461":"d","462":"u","463":"l","464":"e","465":"s","466":"\\","467":"\\","468":"s","469":"h","470":"a","471":"r","472":"e","473":"d","474":"\\","475":"\\","476":"c","477":"o","478":"m","479":"p","480":"o","481":"n","482":"e","483":"n","484":"t","485":"s","486":"\\","487":"\\","488":"B","489":"a","490":"s","491":"e","492":"R","493":"a","494":"t","495":"i","496":"n","497":"g","498":"C","499":"o","500":"m","501":"p","502":"o","503":"n","504":"e","505":"n","506":"t","507":".","508":"v","509":"u","510":"e","511":"\"","512":",","513":"\"","514":"s","515":"o","516":"u","517":"r","518":"c","519":"e","520":"s","521":"C","522":"o","523":"n","524":"t","525":"e","526":"n","527":"t","528":"\"","529":":","530":"[","531":"\"","532":"<","533":"t","534":"e","535":"m","536":"p","537":"l","538":"a","539":"t","540":"e","541":">","542":"\\","543":"n","544":" ","545":" ","546":"<","547":"d","548":"i","549":"v","550":" ","551":"c","552":"l","553":"a","554":"s","555":"s","556":"=","557":"\\","558":"\"","559":"r","560":"a","561":"t","562":"i","563":"n","564":"g","565":"\\","566":"\"","567":">","568":"\\","569":"n","570":" ","571":" ","572":" ","573":" ","574":"<","575":"d","576":"i","577":"v","578":" ","579":"c","580":"l","581":"a","582":"s","583":"s","584":"=","585":"\\","586":"\"","587":"s","588":"t","589":"a","590":"r","591":"s","592":"\\","593":"\"","594":">","595":"\\","596":"n","597":" ","598":" ","599":" ","600":" ","601":" ","602":" ","603":"<","604":"s","605":"p","606":"a","607":"n","608":" ","609":"v","610":"-","611":"f","612":"o","613":"r","614":"=","615":"\\","616":"\"","617":"n","618":" ","619":"i","620":"n","621":" ","622":"5","623":"\\","624":"\"","625":" ","626":":","627":"k","628":"e","629":"y","630":"=","631":"\\","632":"\"","633":"n","634":"\\","635":"\"","636":" ","637":"c","638":"l","639":"a","640":"s","641":"s","642":"=","643":"\\","644":"\"","645":"s","646":"t","647":"a","648":"r","649":"\\","650":"\"","651":" ","652":"d","653":"a","654":"t","655":"a","656":"-","657":"t","658":"e","659":"s","660":"t","661":"=","662":"\\","663":"\"","664":"s","665":"t","666":"a","667":"r","668":"-","669":"i","670":"t","671":"e","672":"m","673":"\\","674":"\"","675":">","676":"\\","677":"n","678":" ","679":" ","680":" ","681":" ","682":" ","683":" ","684":" ","685":" ","686":"<","687":"s","688":"p","689":"a","690":"n","691":" ","692":"c","693":"l","694":"a","695":"s","696":"s","697":"=","698":"\\","699":"\"","700":"s","701":"t","702":"a","703":"r","704":"-","705":"b","706":"g","707":"\\","708":"\"","709":">","710":"★","711":"<","712":"/","713":"s","714":"p","715":"a","716":"n","717":">","718":"\\","719":"n","720":" ","721":" ","722":" ","723":" ","724":" ","725":" ","726":" ","727":" ","728":"<","729":"s","730":"p","731":"a","732":"n","733":" ","734":"c","735":"l","736":"a","737":"s","738":"s","739":"=","740":"\\","741":"\"","742":"s","743":"t","744":"a","745":"r","746":"-","747":"f","748":"i","749":"l","750":"l","751":"\\","752":"\"","753":" ","754":":","755":"s","756":"t","757":"y","758":"l","759":"e","760":"=","761":"\\","762":"\"","763":"{","764":" ","765":"w","766":"i","767":"d","768":"t","769":"h","770":":","771":" ","772":"g","773":"e","774":"t","775":"F","776":"i","777":"l","778":"l","779":"(","780":"n","781":")","782":" ","783":"+","784":" ","785":"'","786":"%","787":"'","788":" ","789":"}","790":"\\","791":"\"","792":">","793":"★","794":"<","795":"/","796":"s","797":"p","798":"a","799":"n","800":">","801":"\\","802":"n","803":" ","804":" ","805":" ","806":" ","807":" ","808":" ","809":"<","810":"/","811":"s","812":"p","813":"a","814":"n","815":">","816":"\\","817":"n","818":" ","819":" ","820":" ","821":" ","822":"<","823":"/","824":"d","825":"i","826":"v","827":">","828":"\\","829":"n","830":"\\","831":"n","832":" ","833":" ","834":" ","835":" ","836":"<","837":"d","838":"i","839":"v","840":" ","841":"v","842":"-","843":"i","844":"f","845":"=","846":"\\","847":"\"","848":"r","849":"a","850":"t","851":"i","852":"n","853":"g","854":"C","855":"o","856":"u","857":"n","858":"t","859":"\\","860":"\"","861":" ","862":"c","863":"l","864":"a","865":"s","866":"s","867":"=","868":"\\","869":"\"","870":"c","871":"o","872":"u","873":"n","874":"t","875":"\\","876":"\"","877":" ","878":"d","879":"a","880":"t","881":"a","882":"-","883":"t","884":"e","885":"s","886":"t","887":"=","888":"\\","889":"\"","890":"c","891":"o","892":"u","893":"n","894":"t","895":"-","896":"r","897":"a","898":"t","899":"i","900":"n","901":"g","902":"\\","903":"\"","904":">","905":"\\","906":"n","907":" ","908":" ","909":" ","910":" ","911":" ","912":" ","913":"(","914":"{","915":"{","916":" ","917":"r","918":"a","919":"t","920":"i","921":"n","922":"g","923":"C","924":"o","925":"u","926":"n","927":"t","928":" ","929":"}","930":"}","931":")","932":"\\","933":"n","934":" ","935":" ","936":" ","937":" ","938":"<","939":"/","940":"d","941":"i","942":"v","943":">","944":"\\","945":"n","946":" ","947":" ","948":"<","949":"/","950":"d","951":"i","952":"v","953":">","954":"\\","955":"n","956":"<","957":"/","958":"t","959":"e","960":"m","961":"p","962":"l","963":"a","964":"t","965":"e","966":">","967":"\\","968":"n","969":"\\","970":"n","971":"<","972":"s","973":"c","974":"r","975":"i","976":"p","977":"t","978":" ","979":"s","980":"e","981":"t","982":"u","983":"p","984":">","985":"\\","986":"n","987":"c","988":"o","989":"n","990":"s","991":"t","992":" ","993":"p","994":"r","995":"o","996":"p","997":"s","998":" ","999":"=","1000":" ","1001":"d","1002":"e","1003":"f","1004":"i","1005":"n","1006":"e","1007":"P","1008":"r","1009":"o","1010":"p","1011":"s","1012":"(","1013":"{","1014":"\\","1015":"n","1016":" ","1017":" ","1018":"r","1019":"a","1020":"t","1021":"i","1022":"n","1023":"g","1024":":","1025":" ","1026":"{","1027":"\\","1028":"n","1029":" ","1030":" ","1031":" ","1032":" ","1033":"t","1034":"y","1035":"p","1036":"e","1037":":","1038":" ","1039":"N","1040":"u","1041":"m","1042":"b","1043":"e","1044":"r","1045":",","1046":"\\","1047":"n","1048":" ","1049":" ","1050":" ","1051":" ","1052":"r","1053":"e","1054":"q","1055":"u","1056":"i","1057":"r","1058":"e","1059":"d","1060":":","1061":" ","1062":"t","1063":"r","1064":"u","1065":"e","1066":",","1067":"\\","1068":"n","1069":" ","1070":" ","1071":"}","1072":",","1073":"\\","1074":"n","1075":" ","1076":" ","1077":"r","1078":"a","1079":"t","1080":"i","1081":"n","1082":"g","1083":"C","1084":"o","1085":"u","1086":"n","1087":"t","1088":":","1089":" ","1090":"{","1091":"\\","1092":"n","1093":" ","1094":" ","1095":" ","1096":" ","1097":"t","1098":"y","1099":"p","1100":"e","1101":":","1102":" ","1103":"N","1104":"u","1105":"m","1106":"b","1107":"e","1108":"r","1109":",","1110":"\\","1111":"n","1112":" ","1113":" ","1114":" ","1115":" ","1116":"d","1117":"e","1118":"f","1119":"a","1120":"u","1121":"l","1122":"t","1123":":","1124":" ","1125":"0","1126":",","1127":"\\","1128":"n","1129":" ","1130":" ","1131":"}","1132":",","1133":"\\","1134":"n","1135":"}","1136":")","1137":";","1138":"\\","1139":"n","1140":"\\","1141":"n","1142":"f","1143":"u","1144":"n","1145":"c","1146":"t","1147":"i","1148":"o","1149":"n","1150":" ","1151":"g","1152":"e","1153":"t","1154":"F","1155":"i","1156":"l","1157":"l","1158":"(","1159":"s","1160":"t","1161":"a","1162":"r","1163":"I","1164":"n","1165":"d","1166":"e","1167":"x","1168":")","1169":" ","1170":"{","1171":"\\","1172":"n","1173":" ","1174":" ","1175":"c","1176":"o","1177":"n","1178":"s","1179":"t","1180":" ","1181":"d","1182":"i","1183":"f","1184":"f","1185":" ","1186":"=","1187":" ","1188":"p","1189":"r","1190":"o","1191":"p","1192":"s","1193":".","1194":"r","1195":"a","1196":"t","1197":"i","1198":"n","1199":"g","1200":" ","1201":"-","1202":" ","1203":"(","1204":"s","1205":"t","1206":"a","1207":"r","1208":"I","1209":"n","1210":"d","1211":"e","1212":"x","1213":" ","1214":"-","1215":" ","1216":"1","1217":")","1218":";","1219":"\\","1220":"n","1221":"\\","1222":"n","1223":" ","1224":" ","1225":"i","1226":"f","1227":" ","1228":"(","1229":"d","1230":"i","1231":"f","1232":"f","1233":" ","1234":">","1235":"=","1236":" ","1237":"1","1238":")","1239":" ","1240":"r","1241":"e","1242":"t","1243":"u","1244":"r","1245":"n","1246":" ","1247":"1","1248":"0","1249":"0","1250":";","1251":"\\","1252":"n","1253":" ","1254":" ","1255":"i","1256":"f","1257":" ","1258":"(","1259":"d","1260":"i","1261":"f","1262":"f","1263":" ","1264":">","1265":" ","1266":"0","1267":")","1268":" ","1269":"r","1270":"e","1271":"t","1272":"u","1273":"r","1274":"n","1275":" ","1276":"d","1277":"i","1278":"f","1279":"f","1280":" ","1281":"*","1282":" ","1283":"1","1284":"0","1285":"0","1286":";","1287":"\\","1288":"n","1289":" ","1290":" ","1291":"r","1292":"e","1293":"t","1294":"u","1295":"r","1296":"n","1297":" ","1298":"0","1299":";","1300":"\\","1301":"n","1302":"}","1303":"\\","1304":"n","1305":"<","1306":"/","1307":"s","1308":"c","1309":"r","1310":"i","1311":"p","1312":"t","1313":">","1314":"\\","1315":"n","1316":"\\","1317":"n","1318":"<","1319":"s","1320":"t","1321":"y","1322":"l","1323":"e","1324":" ","1325":"l","1326":"a","1327":"n","1328":"g","1329":"=","1330":"\\","1331":"\"","1332":"s","1333":"c","1334":"s","1335":"s","1336":"\\","1337":"\"","1338":" ","1339":"s","1340":"c","1341":"o","1342":"p","1343":"e","1344":"d","1345":">","1346":"\\","1347":"n","1348":"@","1349":"u","1350":"s","1351":"e","1352":" ","1353":"\\","1354":"\"","1355":"@","1356":"/","1357":"a","1358":"s","1359":"s","1360":"e","1361":"t","1362":"s","1363":"/","1364":"s","1365":"t","1366":"y","1367":"l","1368":"e","1369":"s","1370":"/","1371":"c","1372":"o","1373":"m","1374":"p","1375":"o","1376":"n","1377":"e","1378":"n","1379":"t","1380":"s","1381":"/","1382":"r","1383":"a","1384":"t","1385":"i","1386":"n","1387":"g","1388":"\\","1389":"\"","1390":";","1391":"\\","1392":"n","1393":"<","1394":"/","1395":"s","1396":"t","1397":"y","1398":"l","1399":"e","1400":">","1401":"\\","1402":"n","1403":"\"","1404":"]","1405":"}"},"_coverageSchema":"1a1c01bbd47fc00a2c39e90264f33305004495a9","hash":"207df7ba7eb778bdd14f732b4a8979e8c0d19594"}
}
