TN:
SF:src\mixins\removeDecimals.ts
FN:1,removeDecimals
FNF:1
FNH:1
FNDA:5,removeDecimals
DA:1,1
DA:2,5
LF:2
LH:2
BRF:0
BRH:0
end_of_record
TN:
SF:src\mixins\round.ts
FN:1,round
FNF:1
FNH:1
FNDA:14,round
DA:1,4
DA:2,14
LF:2
LH:2
BRF:0
BRH:0
end_of_record
TN:
SF:src\modules\cart\components\CartComponent.vue
FN:1,(anonymous_0)
FNF:1
FNH:1
FNDA:13,(anonymous_0)
DA:1,32
LF:1
LH:1
BRDA:1,0,0,22
BRDA:1,0,1,18
BRF:2
BRH:2
end_of_record
TN:
SF:src\modules\cart\components\CartItem.vue
FN:1,(anonymous_0)
FNF:1
FNH:1
FNDA:8,(anonymous_0)
DA:1,30
LF:1
LH:1
BRDA:1,0,0,0
BRF:1
BRH:0
end_of_record
TN:
SF:src\modules\cart\components\CartPayment.vue
FN:1,(anonymous_0)
FNF:1
FNH:1
FNDA:4,(anonymous_0)
DA:1,18
LF:1
LH:1
BRF:0
BRH:0
end_of_record
TN:
SF:src\modules\products\components\SortDropdown.vue
FN:1,(anonymous_1)
FNF:1
FNH:1
FNDA:4,(anonymous_1)
DA:1,15
DA:24,1
LF:2
LH:2
BRF:0
BRH:0
end_of_record
TN:
SF:src\modules\shared\components\BaseButton.vue
FN:1,(anonymous_0)
FNF:1
FNH:1
FNDA:5,(anonymous_0)
DA:1,19
DA:15,2
LF:2
LH:2
BRDA:1,0,0,3
BRDA:1,0,1,1
BRF:2
BRH:2
end_of_record
TN:
SF:src\modules\shared\components\BaseError.vue
FN:1,(anonymous_0)
FNF:1
FNH:1
FNDA:6,(anonymous_0)
DA:1,19
LF:1
LH:1
BRDA:1,0,0,4
BRDA:1,0,1,1
BRF:2
BRH:2
end_of_record
TN:
SF:src\modules\shared\components\BaseLoader.vue
FN:1,(anonymous_0)
FNF:1
FNH:1
FNDA:3,(anonymous_0)
DA:1,12
DA:10,1
LF:2
LH:2
BRF:0
BRH:0
end_of_record
TN:
SF:src\modules\shared\components\BaseProductCard.vue
FN:1,(anonymous_0)
FNF:1
FNH:1
FNDA:6,(anonymous_0)
DA:1,19
LF:1
LH:1
BRDA:1,0,0,4
BRDA:1,0,1,6
BRF:2
BRH:2
end_of_record
TN:
SF:src\modules\shared\components\BaseRatingComponent.vue
FN:1,(anonymous_1)
FNF:1
FNH:1
FNDA:36,(anonymous_1)
DA:1,54
DA:15,2
LF:2
LH:2
BRDA:1,0,0,1
BRDA:1,0,1,5
BRF:2
BRH:2
end_of_record
