TN:
SF:src\modules\cart\components\CartComponent.vue
FN:3,(anonymous_0)
FN:18,(anonymous_1)
FN:30,(anonymous_2)
FN:33,(anonymous_3)
FN:36,(anonymous_4)
FN:39,(anonymous_5)
FN:42,(anonymous_6)
FN:45,toggleCart
FN:48,closeCart
FN:51,clearCart
FN:54,handleEscape
FN:79,(anonymous_11)
FN:115,render
FN:143,(anonymous_13)
FN:165,(anonymous_14)
FN:182,(anonymous_15)
FN:193,(anonymous_16)
FNF:17
FNH:15
FNDA:2,(anonymous_0)
FNDA:8,(anonymous_1)
FNDA:8,(anonymous_2)
FNDA:0,(anonymous_3)
FNDA:9,(anonymous_4)
FNDA:9,(anonymous_5)
FNDA:10,(anonymous_6)
FNDA:1,toggleCart
FNDA:1,closeCart
FNDA:2,clearCart
FNDA:0,handleEscape
FNDA:21,(anonymous_11)
FNDA:11,render
FNDA:2,(anonymous_13)
FNDA:3,(anonymous_14)
FNDA:1,(anonymous_15)
FNDA:1,(anonymous_16)
DA:3,1
DA:4,2
DA:8,1
DA:11,1
DA:12,1
DA:13,1
DA:14,1
DA:15,1
DA:16,1
DA:19,8
DA:20,8
DA:29,8
DA:30,8
DA:31,8
DA:33,8
DA:34,0
DA:36,8
DA:37,9
DA:39,8
DA:40,9
DA:42,8
DA:43,10
DA:46,1
DA:49,1
DA:52,2
DA:55,0
DA:56,0
DA:59,8
DA:71,8
DA:75,8
DA:79,1
DA:80,21
DA:81,21
DA:82,0
DA:83,0
DA:86,21
DA:88,1
DA:89,1
DA:90,1
DA:91,1
DA:95,1
DA:99,1
DA:100,1
DA:101,1
DA:106,1
DA:110,1
DA:116,11
DA:117,11
DA:166,3
DA:182,1
DA:193,1
DA:204,1
LF:52
LH:47
BRDA:3,0,0,1
BRDA:3,0,1,1
BRDA:3,0,2,1
BRDA:4,1,0,2
BRDA:4,1,1,0
BRDA:4,2,0,2
BRDA:4,2,1,2
BRDA:55,3,0,0
BRDA:55,3,1,0
BRDA:55,4,0,0
BRDA:55,4,1,0
BRDA:79,5,0,1
BRDA:79,5,1,1
BRDA:79,5,2,1
BRDA:80,6,0,21
BRDA:80,6,1,0
BRDA:80,7,0,21
BRDA:80,7,1,0
BRDA:81,8,0,0
BRDA:81,8,1,21
BRDA:81,9,0,21
BRDA:81,9,1,21
BRDA:82,10,0,0
BRDA:82,10,1,0
BRDA:86,11,0,21
BRDA:86,11,1,21
BRDA:123,12,0,11
BRDA:123,12,1,8
BRDA:124,13,0,3
BRDA:124,13,1,8
BRDA:130,14,0,2
BRDA:130,14,1,9
BRDA:143,15,0,11
BRDA:143,15,1,8
BRDA:146,16,0,11
BRDA:146,16,1,8
BRDA:154,17,0,11
BRDA:154,17,1,8
BRDA:159,18,0,8
BRDA:159,18,1,3
BRDA:160,19,0,8
BRDA:160,19,1,6
BRDA:175,20,0,3
BRDA:175,20,1,8
BRDA:179,21,0,3
BRDA:179,21,1,8
BRDA:182,22,0,1
BRDA:182,22,1,1
BRDA:193,23,0,1
BRDA:193,23,1,1
BRF:50
BRH:40
end_of_record
TN:
SF:src\modules\cart\components\CartItem.vue
FN:15,(anonymous_0)
FN:28,(anonymous_1)
FN:31,(anonymous_2)
FN:32,(anonymous_3)
FN:37,(anonymous_4)
FN:40,increaseCartItemQty
FN:41,(anonymous_6)
FN:47,decreaseCartItemQty
FN:50,removeItemFromCart
FN:71,(anonymous_9)
FN:96,render
FNF:11
FNH:11
FNDA:9,(anonymous_0)
FNDA:10,(anonymous_1)
FNDA:12,(anonymous_2)
FNDA:9,(anonymous_3)
FNDA:11,(anonymous_4)
FNDA:2,increaseCartItemQty
FNDA:1,(anonymous_6)
FNDA:1,decreaseCartItemQty
FNDA:1,removeItemFromCart
FNDA:33,(anonymous_9)
FNDA:11,render
DA:5,2
DA:8,2
DA:9,2
DA:10,2
DA:11,2
DA:12,2
DA:16,9
DA:17,9
DA:26,9
DA:27,9
DA:28,9
DA:29,10
DA:31,9
DA:32,12
DA:33,9
DA:35,12
DA:37,9
DA:38,11
DA:41,2
DA:42,1
DA:44,2
DA:45,1
DA:48,1
DA:51,1
DA:53,9
DA:63,9
DA:67,9
DA:71,2
DA:72,33
DA:73,33
DA:74,0
DA:75,0
DA:78,33
DA:80,2
DA:81,2
DA:82,2
DA:83,2
DA:87,2
DA:88,2
DA:89,2
DA:90,2
DA:91,2
DA:92,2
DA:97,11
DA:179,2
LF:45
LH:43
BRDA:35,0,0,9
BRDA:35,0,1,3
BRDA:44,1,0,1
BRDA:44,1,1,1
BRDA:71,2,0,2
BRDA:71,2,1,2
BRDA:71,2,2,2
BRDA:72,3,0,33
BRDA:72,3,1,0
BRDA:72,4,0,33
BRDA:72,4,1,0
BRDA:73,5,0,0
BRDA:73,5,1,33
BRDA:73,6,0,33
BRDA:73,6,1,33
BRDA:74,7,0,0
BRDA:74,7,1,0
BRDA:78,8,0,33
BRDA:78,8,1,33
BRDA:103,9,0,11
BRDA:103,9,1,9
BRDA:135,10,0,11
BRDA:135,10,1,9
BRDA:160,11,0,11
BRDA:160,11,1,9
BRF:25
BRH:20
end_of_record
TN:
SF:src\modules\cart\components\CartPayment.vue
FN:12,(anonymous_0)
FN:16,(anonymous_1)
FN:49,render
FNF:3
FNH:3
FNDA:4,(anonymous_0)
FNDA:4,(anonymous_1)
FNDA:4,render
DA:3,2
DA:6,2
DA:7,2
DA:8,2
DA:9,2
DA:10,2
DA:13,4
DA:14,4
DA:15,4
DA:16,4
DA:17,4
DA:18,4
DA:20,4
DA:24,4
DA:28,4
DA:32,2
DA:33,2
DA:34,2
DA:35,2
DA:39,2
DA:43,2
DA:44,2
DA:48,2
DA:50,4
DA:70,2
LF:25
LH:25
BRDA:52,0,0,4
BRDA:52,0,1,4
BRDA:55,1,0,4
BRDA:55,1,1,4
BRDA:56,2,0,4
BRDA:56,2,1,4
BRDA:63,3,0,4
BRDA:63,3,1,4
BRDA:65,4,0,4
BRDA:65,4,1,4
BRF:10
BRH:10
end_of_record
TN:
SF:src\modules\products\components\SortDropdown.vue
FN:12,(anonymous_0)
FN:18,onChange
FN:40,render
FNF:3
FNH:3
FNDA:4,(anonymous_0)
FNDA:2,onChange
FNDA:4,render
DA:4,1
DA:7,1
DA:8,1
DA:16,4
DA:17,4
DA:19,2
DA:21,4
DA:25,4
DA:29,4
DA:34,1
DA:37,1
DA:38,1
DA:39,1
DA:41,4
DA:47,1
LF:15
LH:15
BRDA:46,0,0,4
BRDA:46,0,1,4
BRF:2
BRH:2
end_of_record
TN:
SF:src\modules\shared\components\BaseButton.vue
FN:29,(anonymous_0)
FN:49,render
FN:54,(anonymous_2)
FN:61,(anonymous_3)
FNF:4
FNH:4
FNDA:4,(anonymous_0)
FNDA:4,render
FNDA:1,(anonymous_2)
FNDA:1,(anonymous_3)
DA:4,2
DA:7,2
DA:8,2
DA:32,4
DA:33,4
DA:34,4
DA:38,4
DA:43,2
DA:46,2
DA:47,2
DA:48,2
DA:50,4
DA:51,4
DA:54,1
DA:61,1
DA:64,2
LF:16
LH:16
BRDA:51,0,0,3
BRDA:51,0,1,1
BRDA:54,1,0,3
BRDA:54,1,1,3
BRF:4
BRH:4
end_of_record
TN:
SF:src\modules\shared\components\BaseError.vue
FN:58,render
FN:63,(anonymous_1)
FN:65,(anonymous_2)
FNF:3
FNH:3
FNDA:5,render
FNDA:2,(anonymous_1)
FNDA:1,(anonymous_2)
DA:4,1
DA:5,1
DA:8,1
DA:46,1
DA:49,1
DA:50,1
DA:51,1
DA:54,1
DA:59,5
DA:63,2
DA:65,1
DA:68,1
LF:12
LH:12
BRDA:59,0,0,4
BRDA:59,0,1,1
BRDA:63,1,0,4
BRDA:63,1,1,4
BRDA:65,2,0,1
BRDA:65,2,1,1
BRF:6
BRH:6
end_of_record
TN:
SF:src\modules\shared\components\BaseLoader.vue
FN:16,(anonymous_0)
FN:35,render
FNF:2
FNH:2
FNDA:3,(anonymous_0)
FNDA:3,render
DA:4,1
DA:7,1
DA:8,1
DA:19,3
DA:20,3
DA:21,3
DA:25,3
DA:30,1
DA:33,1
DA:34,1
DA:36,3
DA:49,1
LF:12
LH:12
BRDA:45,0,0,3
BRDA:45,0,1,3
BRF:2
BRH:2
end_of_record
TN:
SF:src\modules\shared\components\BaseProductCard.vue
FN:216,render
FN:220,(anonymous_1)
FNF:2
FNH:2
FNDA:5,render
FNDA:1,(anonymous_1)
DA:4,1
DA:5,1
DA:8,1
DA:187,1
DA:190,1
DA:191,1
DA:192,1
DA:197,1
DA:200,1
DA:201,1
DA:205,1
DA:208,1
DA:212,1
DA:217,5
DA:220,1
DA:231,1
LF:16
LH:16
BRDA:220,0,0,5
BRDA:220,0,1,5
BRDA:221,1,0,2
BRDA:221,1,1,3
BRDA:221,2,0,5
BRDA:221,2,1,5
BRDA:227,3,0,2
BRDA:227,3,1,3
BRF:8
BRH:8
end_of_record
TN:
SF:src\modules\shared\components\BaseRatingComponent.vue
FN:20,(anonymous_0)
FN:25,getFill
FN:60,render
FN:61,(anonymous_3)
FNF:4
FNH:4
FNDA:6,(anonymous_0)
FNDA:33,getFill
FNDA:6,render
FNDA:30,(anonymous_3)
DA:4,2
DA:7,2
DA:8,2
DA:23,6
DA:24,6
DA:26,33
DA:27,33
DA:28,11
DA:29,9
DA:31,6
DA:35,6
DA:39,6
DA:44,2
DA:47,2
DA:48,2
DA:49,2
DA:52,2
DA:55,2
DA:61,6
DA:62,30
DA:75,2
LF:21
LH:21
BRDA:27,0,0,22
BRDA:27,0,1,11
BRDA:28,1,0,2
BRDA:28,1,1,9
BRDA:66,2,0,30
BRDA:66,2,1,6
BRDA:74,3,0,1
BRDA:74,3,1,5
BRF:8
BRH:8
end_of_record
